# JRE version: OpenJDK Runtime Environment (8.0_242-b01) (build 1.8.0_242-release-1644-b01)
# Java VM: OpenJDK 64-Bit Server VM (25.242-b01 mixed mode windows-amd64 compressed oops)
Heap:
 PSYoungGen      total 558592K, used 46084K [0x00000000d5580000, 0x00000000fee00000, 0x0000000100000000)
  eden space 436736K, 4% used [0x00000000d5580000,0x00000000d66d31b0,0x00000000f0000000)
  from space 121856K, 23% used [0x00000000f0000000,0x00000000f1bae1f0,0x00000000f7700000)
  to   space 110592K, 0% used [0x00000000f8200000,0x00000000f8200000,0x00000000fee00000)
 ParOldGen       total 785920K, used 518600K [0x0000000080000000, 0x00000000aff80000, 0x00000000d5580000)
  object space 785920K, 65% used [0x0000000080000000,0x000000009fa721d0,0x00000000aff80000)
 Metaspace       used 130875K, capacity 139220K, committed 141824K, reserved 1173504K
  class space    used 16169K, capacity 17781K, committed 18688K, reserved 1048576K
GC Heap History (10 events):
Event: 4222.644 GC heap after
Heap after GC invocations=92 (full 8):
 PSYoungGen      total 520704K, used 45041K [0x00000000d5580000, 0x00000000fe780000, 0x0000000100000000)
  eden space 390144K, 0% used [0x00000000d5580000,0x00000000d5580000,0x00000000ed280000)
  from space 130560K, 34% used [0x00000000f6800000,0x00000000f93fc778,0x00000000fe780000)
  to   space 141824K, 0% used [0x00000000ed280000,0x00000000ed280000,0x00000000f5d00000)
 ParOldGen       total 785920K, used 480630K [0x0000000080000000, 0x00000000aff80000, 0x00000000d5580000)
  object space 785920K, 61% used [0x0000000080000000,0x000000009d55d940,0x00000000aff80000)
 Metaspace       used 130765K, capacity 139064K, committed 141824K, reserved 1173504K
  class space    used 16165K, capacity 17777K, committed 18688K, reserved 1048576K
}
Event: 4225.523 GC heap before
{Heap before GC invocations=93 (full 8):
 PSYoungGen      total 520704K, used 435185K [0x00000000d5580000, 0x00000000fe780000, 0x0000000100000000)
  eden space 390144K, 100% used [0x00000000d5580000,0x00000000ed280000,0x00000000ed280000)
  from space 130560K, 34% used [0x00000000f6800000,0x00000000f93fc778,0x00000000fe780000)
  to   space 141824K, 0% used [0x00000000ed280000,0x00000000ed280000,0x00000000f5d00000)
 ParOldGen       total 785920K, used 480630K [0x0000000080000000, 0x00000000aff80000, 0x00000000d5580000)
  object space 785920K, 61% used [0x0000000080000000,0x000000009d55d940,0x00000000aff80000)
 Metaspace       used 130852K, capacity 139216K, committed 141824K, reserved 1173504K
  class space    used 16169K, capacity 17781K, committed 18688K, reserved 1048576K
Event: 4225.532 GC heap after
Heap after GC invocations=93 (full 8):
 PSYoungGen      total 531968K, used 9395K [0x00000000d5580000, 0x0000000100000000, 0x0000000100000000)
  eden space 390144K, 0% used [0x00000000d5580000,0x00000000d5580000,0x00000000ed280000)
  from space 141824K, 6% used [0x00000000ed280000,0x00000000edbace58,0x00000000f5d00000)
  to   space 140288K, 0% used [0x00000000f7700000,0x00000000f7700000,0x0000000100000000)
 ParOldGen       total 785920K, used 486839K [0x0000000080000000, 0x00000000aff80000, 0x00000000d5580000)
  object space 785920K, 61% used [0x0000000080000000,0x000000009db6def0,0x00000000aff80000)
 Metaspace       used 130852K, capacity 139216K, committed 141824K, reserved 1173504K
  class space    used 16169K, capacity 17781K, committed 18688K, reserved 1048576K
}
Event: 4226.940 GC heap before
{Heap before GC invocations=94 (full 8):
 PSYoungGen      total 531968K, used 399539K [0x00000000d5580000, 0x0000000100000000, 0x0000000100000000)
  eden space 390144K, 100% used [0x00000000d5580000,0x00000000ed280000,0x00000000ed280000)
  from space 141824K, 6% used [0x00000000ed280000,0x00000000edbace58,0x00000000f5d00000)
  to   space 140288K, 0% used [0x00000000f7700000,0x00000000f7700000,0x0000000100000000)
 ParOldGen       total 785920K, used 486839K [0x0000000080000000, 0x00000000aff80000, 0x00000000d5580000)
  object space 785920K, 61% used [0x0000000080000000,0x000000009db6def0,0x00000000aff80000)
 Metaspace       used 130864K, capacity 139220K, committed 141824K, reserved 1173504K
  class space    used 16169K, capacity 17781K, committed 18688K, reserved 1048576K
Event: 4226.958 GC heap after
Heap after GC invocations=94 (full 8):
 PSYoungGen      total 541184K, used 38004K [0x00000000d5580000, 0x00000000ff080000, 0x0000000100000000)
  eden space 416768K, 0% used [0x00000000d5580000,0x00000000d5580000,0x00000000eec80000)
  from space 124416K, 30% used [0x00000000f7700000,0x00000000f9c1d328,0x00000000ff080000)
  to   space 133120K, 0% used [0x00000000eec80000,0x00000000eec80000,0x00000000f6e80000)
 ParOldGen       total 785920K, used 492346K [0x0000000080000000, 0x00000000aff80000, 0x00000000d5580000)
  object space 785920K, 62% used [0x0000000080000000,0x000000009e0ceab8,0x00000000aff80000)
 Metaspace       used 130864K, capacity 139220K, committed 141824K, reserved 1173504K
  class space    used 16169K, capacity 17781K, committed 18688K, reserved 1048576K
}
Event: 4228.682 GC heap before
{Heap before GC invocations=95 (full 8):
 PSYoungGen      total 541184K, used 454772K [0x00000000d5580000, 0x00000000ff080000, 0x0000000100000000)
  eden space 416768K, 100% used [0x00000000d5580000,0x00000000eec80000,0x00000000eec80000)
  from space 124416K, 30% used [0x00000000f7700000,0x00000000f9c1d328,0x00000000ff080000)
  to   space 133120K, 0% used [0x00000000eec80000,0x00000000eec80000,0x00000000f6e80000)
 ParOldGen       total 785920K, used 492346K [0x0000000080000000, 0x00000000aff80000, 0x00000000d5580000)
  object space 785920K, 62% used [0x0000000080000000,0x000000009e0ceab8,0x00000000aff80000)
 Metaspace       used 130870K, capacity 139220K, committed 141824K, reserved 1173504K
  class space    used 16169K, capacity 17781K, committed 18688K, reserved 1048576K
Event: 4228.692 GC heap after
Heap after GC invocations=95 (full 8):
 PSYoungGen      total 549888K, used 20474K [0x00000000d5580000, 0x0000000100000000, 0x0000000100000000)
  eden space 416768K, 0% used [0x00000000d5580000,0x00000000d5580000,0x00000000eec80000)
  from space 133120K, 15% used [0x00000000eec80000,0x00000000f007e878,0x00000000f6e80000)
  to   space 129024K, 0% used [0x00000000f8200000,0x00000000f8200000,0x0000000100000000)
 ParOldGen       total 785920K, used 492554K [0x0000000080000000, 0x00000000aff80000, 0x00000000d5580000)
  object space 785920K, 62% used [0x0000000080000000,0x000000009e102ad8,0x00000000aff80000)
 Metaspace       used 130870K, capacity 139220K, committed 141824K, reserved 1173504K
  class space    used 16169K, capacity 17781K, committed 18688K, reserved 1048576K
}
Event: 4229.069 GC heap before
{Heap before GC invocations=96 (full 8):
 PSYoungGen      total 549888K, used 437242K [0x00000000d5580000, 0x0000000100000000, 0x0000000100000000)
  eden space 416768K, 100% used [0x00000000d5580000,0x00000000eec80000,0x00000000eec80000)
  from space 133120K, 15% used [0x00000000eec80000,0x00000000f007e878,0x00000000f6e80000)
  to   space 129024K, 0% used [0x00000000f8200000,0x00000000f8200000,0x0000000100000000)
 ParOldGen       total 785920K, used 492571K [0x0000000080000000, 0x00000000aff80000, 0x00000000d5580000)
  object space 785920K, 62% used [0x0000000080000000,0x000000009e106d30,0x00000000aff80000)
 Metaspace       used 130874K, capacity 139220K, committed 141824K, reserved 1173504K
  class space    used 16169K, capacity 17781K, committed 18688K, reserved 1048576K
Event: 4229.080 GC heap after
Heap after GC invocations=96 (full 8):
 PSYoungGen      total 547328K, used 36355K [0x00000000d5580000, 0x00000000fee00000, 0x0000000100000000)
  eden space 436736K, 0% used [0x00000000d5580000,0x00000000d5580000,0x00000000f0000000)
  from space 110592K, 32% used [0x00000000f8200000,0x00000000fa580d48,0x00000000fee00000)
  to   space 121856K, 0% used [0x00000000f0000000,0x00000000f0000000,0x00000000f7700000)
 ParOldGen       total 785920K, used 493841K [0x0000000080000000, 0x00000000aff80000, 0x00000000d5580000)
  object space 785920K, 62% used [0x0000000080000000,0x000000009e244730,0x00000000aff80000)
 Metaspace       used 130874K, capacity 139220K, committed 141824K, reserved 1173504K
  class space    used 16169K, capacity 17781K, committed 18688K, reserved 1048576K
}
Event: 4229.164 GC heap before
{Heap before GC invocations=97 (full 8):
 PSYoungGen      total 547328K, used 473091K [0x00000000d5580000, 0x00000000fee00000, 0x0000000100000000)
  eden space 436736K, 100% used [0x00000000d5580000,0x00000000f0000000,0x00000000f0000000)
  from space 110592K, 32% used [0x00000000f8200000,0x00000000fa580d48,0x00000000fee00000)
  to   space 121856K, 0% used [0x00000000f0000000,0x00000000f0000000,0x00000000f7700000)
 ParOldGen       total 785920K, used 493843K [0x0000000080000000, 0x00000000aff80000, 0x00000000d5580000)
  object space 785920K, 62% used [0x0000000080000000,0x000000009e244f68,0x00000000aff80000)
 Metaspace       used 130875K, capacity 139220K, committed 141824K, reserved 1173504K
  class space    used 16169K, capacity 17781K, committed 18688K, reserved 1048576K

