# JRE version: OpenJDK Runtime Environment (8.0_242-b01) (build 1.8.0_242-release-1644-b01)
# Java VM: OpenJDK 64-Bit Server VM (25.242-b01 mixed mode windows-amd64 compressed oops)
Heap:
 PSYoungGen      total 624128K, used 405598K [0x00000000d5580000, 0x00000000ff980000, 0x0000000100000000)
  eden space 563200K, 66% used [0x00000000d5580000,0x00000000ec575128,0x00000000f7b80000)
  from space 60928K, 47% used [0x00000000fbe00000,0x00000000fda22820,0x00000000ff980000)
  to   space 64512K, 0% used [0x00000000f7b80000,0x00000000f7b80000,0x00000000fba80000)
 ParOldGen       total 1398272K, used 1098118K [0x0000000080000000, 0x00000000d5580000, 0x00000000d5580000)
  object space 1398272K, 78% used [0x0000000080000000,0x00000000c3061b60,0x00000000d5580000)
 Metaspace       used 214055K, capacity 225362K, committed 226344K, reserved 1247232K
  class space    used 25463K, capacity 27701K, committed 28200K, reserved 1048576K
GC Heap History (10 events):
Event: 18055.394 GC heap before
{Heap before GC invocations=502 (full 22):
 PSYoungGen      total 595456K, used 527118K [0x00000000d5580000, 0x00000000ffb00000, 0x0000000100000000)
  eden space 507904K, 100% used [0x00000000d5580000,0x00000000f4580000,0x00000000f4580000)
  from space 87552K, 21% used [0x00000000f4580000,0x00000000f5843be8,0x00000000f9b00000)
  to   space 82432K, 0% used [0x00000000faa80000,0x00000000faa80000,0x00000000ffb00000)
 ParOldGen       total 1398272K, used 1084548K [0x0000000080000000, 0x00000000d5580000, 0x00000000d5580000)
  object space 1398272K, 77% used [0x0000000080000000,0x00000000c23211c8,0x00000000d5580000)
 Metaspace       used 214052K, capacity 225362K, committed 226344K, reserved 1247232K
  class space    used 25461K, capacity 27701K, committed 28200K, reserved 1048576K
Event: 18055.405 GC heap after
Heap after GC invocations=502 (full 22):
 PSYoungGen      total 603136K, used 17318K [0x00000000d5580000, 0x00000000ff300000, 0x0000000100000000)
  eden space 528896K, 0% used [0x00000000d5580000,0x00000000d5580000,0x00000000f5a00000)
  from space 74240K, 23% used [0x00000000faa80000,0x00000000fbb69838,0x00000000ff300000)
  to   space 78336K, 0% used [0x00000000f5a00000,0x00000000f5a00000,0x00000000fa680000)
 ParOldGen       total 1398272K, used 1086901K [0x0000000080000000, 0x00000000d5580000, 0x00000000d5580000)
  object space 1398272K, 77% used [0x0000000080000000,0x00000000c256d5d0,0x00000000d5580000)
 Metaspace       used 214052K, capacity 225362K, committed 226344K, reserved 1247232K
  class space    used 25461K, capacity 27701K, committed 28200K, reserved 1048576K
}
Event: 18055.499 GC heap before
{Heap before GC invocations=503 (full 22):
 PSYoungGen      total 603136K, used 546214K [0x00000000d5580000, 0x00000000ff300000, 0x0000000100000000)
  eden space 528896K, 100% used [0x00000000d5580000,0x00000000f5a00000,0x00000000f5a00000)
  from space 74240K, 23% used [0x00000000faa80000,0x00000000fbb69838,0x00000000ff300000)
  to   space 78336K, 0% used [0x00000000f5a00000,0x00000000f5a00000,0x00000000fa680000)
 ParOldGen       total 1398272K, used 1086903K [0x0000000080000000, 0x00000000d5580000, 0x00000000d5580000)
  object space 1398272K, 77% used [0x0000000080000000,0x00000000c256dd38,0x00000000d5580000)
 Metaspace       used 214052K, capacity 225362K, committed 226344K, reserved 1247232K
  class space    used 25461K, capacity 27701K, committed 28200K, reserved 1048576K
Event: 18055.511 GC heap after
Heap after GC invocations=503 (full 22):
 PSYoungGen      total 607232K, used 16700K [0x00000000d5580000, 0x00000000ffb00000, 0x0000000100000000)
  eden space 528896K, 0% used [0x00000000d5580000,0x00000000d5580000,0x00000000f5a00000)
  from space 78336K, 21% used [0x00000000f5a00000,0x00000000f6a4f230,0x00000000fa680000)
  to   space 73728K, 0% used [0x00000000fb300000,0x00000000fb300000,0x00000000ffb00000)
 ParOldGen       total 1398272K, used 1089601K [0x0000000080000000, 0x00000000d5580000, 0x00000000d5580000)
  object space 1398272K, 77% used [0x0000000080000000,0x00000000c28107f8,0x00000000d5580000)
 Metaspace       used 214052K, capacity 225362K, committed 226344K, reserved 1247232K
  class space    used 25461K, capacity 27701K, committed 28200K, reserved 1048576K
}
Event: 18055.623 GC heap before
{Heap before GC invocations=504 (full 22):
 PSYoungGen      total 607232K, used 545596K [0x00000000d5580000, 0x00000000ffb00000, 0x0000000100000000)
  eden space 528896K, 100% used [0x00000000d5580000,0x00000000f5a00000,0x00000000f5a00000)
  from space 78336K, 21% used [0x00000000f5a00000,0x00000000f6a4f230,0x00000000fa680000)
  to   space 73728K, 0% used [0x00000000fb300000,0x00000000fb300000,0x00000000ffb00000)
 ParOldGen       total 1398272K, used 1089601K [0x0000000080000000, 0x00000000d5580000, 0x00000000d5580000)
  object space 1398272K, 77% used [0x0000000080000000,0x00000000c28107f8,0x00000000d5580000)
 Metaspace       used 214052K, capacity 225362K, committed 226344K, reserved 1247232K
  class space    used 25461K, capacity 27701K, committed 28200K, reserved 1048576K
Event: 18055.637 GC heap after
Heap after GC invocations=504 (full 22):
 PSYoungGen      total 611840K, used 21496K [0x00000000d5580000, 0x00000000ff280000, 0x0000000100000000)
  eden space 546816K, 0% used [0x00000000d5580000,0x00000000d5580000,0x00000000f6b80000)
  from space 65024K, 33% used [0x00000000fb300000,0x00000000fc7fe3b0,0x00000000ff280000)
  to   space 69120K, 0% used [0x00000000f6b80000,0x00000000f6b80000,0x00000000faf00000)
 ParOldGen       total 1398272K, used 1093128K [0x0000000080000000, 0x00000000d5580000, 0x00000000d5580000)
  object space 1398272K, 78% used [0x0000000080000000,0x00000000c2b82048,0x00000000d5580000)
 Metaspace       used 214052K, capacity 225362K, committed 226344K, reserved 1247232K
  class space    used 25461K, capacity 27701K, committed 28200K, reserved 1048576K
}
Event: 18055.783 GC heap before
{Heap before GC invocations=505 (full 22):
 PSYoungGen      total 611840K, used 568312K [0x00000000d5580000, 0x00000000ff280000, 0x0000000100000000)
  eden space 546816K, 100% used [0x00000000d5580000,0x00000000f6b80000,0x00000000f6b80000)
  from space 65024K, 33% used [0x00000000fb300000,0x00000000fc7fe3b0,0x00000000ff280000)
  to   space 69120K, 0% used [0x00000000f6b80000,0x00000000f6b80000,0x00000000faf00000)
 ParOldGen       total 1398272K, used 1093128K [0x0000000080000000, 0x00000000d5580000, 0x00000000d5580000)
  object space 1398272K, 78% used [0x0000000080000000,0x00000000c2b82048,0x00000000d5580000)
 Metaspace       used 214052K, capacity 225362K, committed 226344K, reserved 1247232K
  class space    used 25461K, capacity 27701K, committed 28200K, reserved 1048576K
Event: 18055.796 GC heap after
Heap after GC invocations=505 (full 22):
 PSYoungGen      total 615936K, used 11440K [0x00000000d5580000, 0x00000000fff00000, 0x0000000100000000)
  eden space 546816K, 0% used [0x00000000d5580000,0x00000000d5580000,0x00000000f6b80000)
  from space 69120K, 16% used [0x00000000f6b80000,0x00000000f76ac060,0x00000000faf00000)
  to   space 66560K, 0% used [0x00000000fbe00000,0x00000000fbe00000,0x00000000fff00000)
 ParOldGen       total 1398272K, used 1097027K [0x0000000080000000, 0x00000000d5580000, 0x00000000d5580000)
  object space 1398272K, 78% used [0x0000000080000000,0x00000000c2f50d20,0x00000000d5580000)
 Metaspace       used 214052K, capacity 225362K, committed 226344K, reserved 1247232K
  class space    used 25461K, capacity 27701K, committed 28200K, reserved 1048576K
}
Event: 18055.968 GC heap before
{Heap before GC invocations=506 (full 22):
 PSYoungGen      total 615936K, used 558256K [0x00000000d5580000, 0x00000000fff00000, 0x0000000100000000)
  eden space 546816K, 100% used [0x00000000d5580000,0x00000000f6b80000,0x00000000f6b80000)
  from space 69120K, 16% used [0x00000000f6b80000,0x00000000f76ac060,0x00000000faf00000)
  to   space 66560K, 0% used [0x00000000fbe00000,0x00000000fbe00000,0x00000000fff00000)
 ParOldGen       total 1398272K, used 1097027K [0x0000000080000000, 0x00000000d5580000, 0x00000000d5580000)
  object space 1398272K, 78% used [0x0000000080000000,0x00000000c2f50d20,0x00000000d5580000)
 Metaspace       used 214052K, capacity 225362K, committed 226344K, reserved 1247232K
  class space    used 25461K, capacity 27701K, committed 28200K, reserved 1048576K
Event: 18055.984 GC heap after
Heap after GC invocations=506 (full 22):
 PSYoungGen      total 624128K, used 28810K [0x00000000d5580000, 0x00000000ff980000, 0x0000000100000000)
  eden space 563200K, 0% used [0x00000000d5580000,0x00000000d5580000,0x00000000f7b80000)
  from space 60928K, 47% used [0x00000000fbe00000,0x00000000fda22820,0x00000000ff980000)
  to   space 64512K, 0% used [0x00000000f7b80000,0x00000000f7b80000,0x00000000fba80000)
 ParOldGen       total 1398272K, used 1098118K [0x0000000080000000, 0x00000000d5580000, 0x00000000d5580000)
  object space 1398272K, 78% used [0x0000000080000000,0x00000000c3061b60,0x00000000d5580000)
 Metaspace       used 214052K, capacity 225362K, committed 226344K, reserved 1247232K
  class space    used 25461K, capacity 27701K, committed 28200K, reserved 1048576K
}

