# JRE version: OpenJDK Runtime Environment (8.0_242-b01) (build 1.8.0_242-release-1644-b01)
# Java VM: OpenJDK 64-Bit Server VM (25.242-b01 mixed mode windows-amd64 compressed oops)
Heap:
 PSYoungGen      total 552448K, used 475732K [0x00000000d5580000, 0x00000000fec00000, 0x0000000100000000)
  eden space 426496K, 100% used [0x00000000d5580000,0x00000000ef600000,0x00000000ef600000)
  from space 125952K, 39% used [0x00000000ef600000,0x00000000f2615230,0x00000000f7100000)
  to   space 113152K, 24% used [0x00000000f7d80000,0x00000000f988dc98,0x00000000fec00000)
 ParOldGen       total 599552K, used 207730K [0x0000000080000000, 0x00000000a4980000, 0x00000000d5580000)
  object space 599552K, 34% used [0x0000000080000000,0x000000008cadcae0,0x00000000a4980000)
 Metaspace       used 108609K, capacity 114680K, committed 119640K, reserved 1153024K
  class space    used 13904K, capacity 15144K, committed 16472K, reserved 1048576K
GC Heap History (10 events):
Event: 1153.740 GC heap before
{Heap before GC invocations=32 (full 5):
 PSYoungGen      total 511488K, used 411222K [0x00000000d5580000, 0x00000000fea80000, 0x0000000100000000)
  eden space 378880K, 99% used [0x00000000d5580000,0x00000000ec766dd0,0x00000000ec780000)
  from space 132608K, 24% used [0x00000000f6900000,0x00000000f88aeb30,0x00000000fea80000)
  to   space 148992K, 0% used [0x00000000ec780000,0x00000000ec780000,0x00000000f5900000)
 ParOldGen       total 599552K, used 195595K [0x0000000080000000, 0x00000000a4980000, 0x00000000d5580000)
  object space 599552K, 32% used [0x0000000080000000,0x000000008bf02d10,0x00000000a4980000)
 Metaspace       used 108331K, capacity 114290K, committed 119384K, reserved 1153024K
  class space    used 13900K, capacity 15139K, committed 16472K, reserved 1048576K
Event: 1153.748 GC heap after
Heap after GC invocations=32 (full 5):
 PSYoungGen      total 527872K, used 9687K [0x00000000d5580000, 0x0000000100000000, 0x0000000100000000)
  eden space 378880K, 0% used [0x00000000d5580000,0x00000000d5580000,0x00000000ec780000)
  from space 148992K, 6% used [0x00000000ec780000,0x00000000ed0f5f50,0x00000000f5900000)
  to   space 146944K, 0% used [0x00000000f7080000,0x00000000f7080000,0x0000000100000000)
 ParOldGen       total 599552K, used 202026K [0x0000000080000000, 0x00000000a4980000, 0x00000000d5580000)
  object space 599552K, 33% used [0x0000000080000000,0x000000008c54a920,0x00000000a4980000)
 Metaspace       used 108331K, capacity 114290K, committed 119384K, reserved 1153024K
  class space    used 13900K, capacity 15139K, committed 16472K, reserved 1048576K
}
Event: 1155.223 GC heap before
{Heap before GC invocations=33 (full 5):
 PSYoungGen      total 527872K, used 388567K [0x00000000d5580000, 0x0000000100000000, 0x0000000100000000)
  eden space 378880K, 100% used [0x00000000d5580000,0x00000000ec780000,0x00000000ec780000)
  from space 148992K, 6% used [0x00000000ec780000,0x00000000ed0f5f50,0x00000000f5900000)
  to   space 146944K, 0% used [0x00000000f7080000,0x00000000f7080000,0x0000000100000000)
 ParOldGen       total 599552K, used 202026K [0x0000000080000000, 0x00000000a4980000, 0x00000000d5580000)
  object space 599552K, 33% used [0x0000000080000000,0x000000008c54a920,0x00000000a4980000)
 Metaspace       used 108348K, capacity 114294K, committed 119384K, reserved 1153024K
  class space    used 13900K, capacity 15139K, committed 16472K, reserved 1048576K
Event: 1155.238 GC heap after
Heap after GC invocations=33 (full 5):
 PSYoungGen      total 531456K, used 42633K [0x00000000d5580000, 0x00000000fee00000, 0x0000000100000000)
  eden space 402944K, 0% used [0x00000000d5580000,0x00000000d5580000,0x00000000edf00000)
  from space 128512K, 33% used [0x00000000f7080000,0x00000000f9a227b0,0x00000000fee00000)
  to   space 138752K, 0% used [0x00000000edf00000,0x00000000edf00000,0x00000000f6680000)
 ParOldGen       total 599552K, used 202034K [0x0000000080000000, 0x00000000a4980000, 0x00000000d5580000)
  object space 599552K, 33% used [0x0000000080000000,0x000000008c54c920,0x00000000a4980000)
 Metaspace       used 108348K, capacity 114294K, committed 119384K, reserved 1153024K
  class space    used 13900K, capacity 15139K, committed 16472K, reserved 1048576K
}
Event: 1157.389 GC heap before
{Heap before GC invocations=34 (full 5):
 PSYoungGen      total 531456K, used 445577K [0x00000000d5580000, 0x00000000fee00000, 0x0000000100000000)
  eden space 402944K, 100% used [0x00000000d5580000,0x00000000edf00000,0x00000000edf00000)
  from space 128512K, 33% used [0x00000000f7080000,0x00000000f9a227b0,0x00000000fee00000)
  to   space 138752K, 0% used [0x00000000edf00000,0x00000000edf00000,0x00000000f6680000)
 ParOldGen       total 599552K, used 202034K [0x0000000080000000, 0x00000000a4980000, 0x00000000d5580000)
  object space 599552K, 33% used [0x0000000080000000,0x000000008c54c920,0x00000000a4980000)
 Metaspace       used 108388K, capacity 114374K, committed 119384K, reserved 1153024K
  class space    used 13901K, capacity 15141K, committed 16472K, reserved 1048576K
Event: 1157.400 GC heap after
Heap after GC invocations=34 (full 5):
 PSYoungGen      total 541696K, used 27446K [0x00000000d5580000, 0x0000000100000000, 0x0000000100000000)
  eden space 402944K, 0% used [0x00000000d5580000,0x00000000d5580000,0x00000000edf00000)
  from space 138752K, 19% used [0x00000000edf00000,0x00000000ef9cdac0,0x00000000f6680000)
  to   space 133632K, 0% used [0x00000000f7d80000,0x00000000f7d80000,0x0000000100000000)
 ParOldGen       total 599552K, used 202042K [0x0000000080000000, 0x00000000a4980000, 0x00000000d5580000)
  object space 599552K, 33% used [0x0000000080000000,0x000000008c54e920,0x00000000a4980000)
 Metaspace       used 108388K, capacity 114374K, committed 119384K, reserved 1153024K
  class space    used 13901K, capacity 15141K, committed 16472K, reserved 1048576K
}
Event: 1157.914 GC heap before
{Heap before GC invocations=35 (full 5):
 PSYoungGen      total 541696K, used 430390K [0x00000000d5580000, 0x0000000100000000, 0x0000000100000000)
  eden space 402944K, 100% used [0x00000000d5580000,0x00000000edf00000,0x00000000edf00000)
  from space 138752K, 19% used [0x00000000edf00000,0x00000000ef9cdac0,0x00000000f6680000)
  to   space 133632K, 0% used [0x00000000f7d80000,0x00000000f7d80000,0x0000000100000000)
 ParOldGen       total 599552K, used 202042K [0x0000000080000000, 0x00000000a4980000, 0x00000000d5580000)
  object space 599552K, 33% used [0x0000000080000000,0x000000008c54e920,0x00000000a4980000)
 Metaspace       used 108502K, capacity 114536K, committed 119640K, reserved 1153024K
  class space    used 13904K, capacity 15144K, committed 16472K, reserved 1048576K
Event: 1157.928 GC heap after
Heap after GC invocations=35 (full 5):
 PSYoungGen      total 539648K, used 40785K [0x00000000d5580000, 0x00000000fec00000, 0x0000000100000000)
  eden space 426496K, 0% used [0x00000000d5580000,0x00000000d5580000,0x00000000ef600000)
  from space 113152K, 36% used [0x00000000f7d80000,0x00000000fa554558,0x00000000fec00000)
  to   space 125952K, 0% used [0x00000000ef600000,0x00000000ef600000,0x00000000f7100000)
 ParOldGen       total 599552K, used 202050K [0x0000000080000000, 0x00000000a4980000, 0x00000000d5580000)
  object space 599552K, 33% used [0x0000000080000000,0x000000008c550920,0x00000000a4980000)
 Metaspace       used 108502K, capacity 114536K, committed 119640K, reserved 1153024K
  class space    used 13904K, capacity 15144K, committed 16472K, reserved 1048576K
}
Event: 1158.119 GC heap before
{Heap before GC invocations=36 (full 5):
 PSYoungGen      total 539648K, used 467281K [0x00000000d5580000, 0x00000000fec00000, 0x0000000100000000)
  eden space 426496K, 100% used [0x00000000d5580000,0x00000000ef600000,0x00000000ef600000)
  from space 113152K, 36% used [0x00000000f7d80000,0x00000000fa554558,0x00000000fec00000)
  to   space 125952K, 0% used [0x00000000ef600000,0x00000000ef600000,0x00000000f7100000)
 ParOldGen       total 599552K, used 202340K [0x0000000080000000, 0x00000000a4980000, 0x00000000d5580000)
  object space 599552K, 33% used [0x0000000080000000,0x000000008c599030,0x00000000a4980000)
 Metaspace       used 108586K, capacity 114668K, committed 119640K, reserved 1153024K
  class space    used 13904K, capacity 15144K, committed 16472K, reserved 1048576K
Event: 1158.134 GC heap after
Heap after GC invocations=36 (full 5):
 PSYoungGen      total 552448K, used 49236K [0x00000000d5580000, 0x00000000fec00000, 0x0000000100000000)
  eden space 426496K, 0% used [0x00000000d5580000,0x00000000d5580000,0x00000000ef600000)
  from space 125952K, 39% used [0x00000000ef600000,0x00000000f2615230,0x00000000f7100000)
  to   space 113152K, 0% used [0x00000000f7d80000,0x00000000f7d80000,0x00000000fec00000)
 ParOldGen       total 599552K, used 202340K [0x0000000080000000, 0x00000000a4980000, 0x00000000d5580000)
  object space 599552K, 33% used [0x0000000080000000,0x000000008c599030,0x00000000a4980000)
 Metaspace       used 108586K, capacity 114668K, committed 119640K, reserved 1153024K
  class space    used 13904K, capacity 15144K, committed 16472K, reserved 1048576K
}

