# JRE version: OpenJDK Runtime Environment (8.0_242-b01) (build 1.8.0_242-release-1644-b01)
# Java VM: OpenJDK 64-Bit Server VM (25.242-b01 mixed mode windows-amd64 compressed oops)
Heap:
 PSYoungGen      total 645120K, used 459208K [0x00000000d5580000, 0x00000000ffa00000, 0x0000000100000000)
  eden space 596480K, 74% used [0x00000000d5580000,0x00000000f0611e30,0x00000000f9c00000)
  from space 48640K, 33% used [0x00000000fca80000,0x00000000fda60260,0x00000000ffa00000)
  to   space 47616K, 0% used [0x00000000f9c00000,0x00000000f9c00000,0x00000000fca80000)
 ParOldGen       total 485888K, used 264987K [0x0000000080000000, 0x000000009da80000, 0x00000000d5580000)
  object space 485888K, 54% used [0x0000000080000000,0x00000000902c6ed8,0x000000009da80000)
 Metaspace       used 86373K, capacity 91170K, committed 98304K, reserved 1132544K
  class space    used 11502K, capacity 12600K, committed 14336K, reserved 1048576K
GC Heap History (10 events):
Event: 14.224 GC heap before
{Heap before GC invocations=30 (full 4):
 PSYoungGen      total 635904K, used 594886K [0x00000000d5580000, 0x00000000ffa80000, 0x0000000100000000)
  eden space 577024K, 100% used [0x00000000d5580000,0x00000000f8900000,0x00000000f8900000)
  from space 58880K, 30% used [0x00000000f8900000,0x00000000f9a71900,0x00000000fc280000)
  to   space 56320K, 0% used [0x00000000fc380000,0x00000000fc380000,0x00000000ffa80000)
 ParOldGen       total 485888K, used 241836K [0x0000000080000000, 0x000000009da80000, 0x00000000d5580000)
  object space 485888K, 49% used [0x0000000080000000,0x000000008ec2b2f0,0x000000009da80000)
 Metaspace       used 86314K, capacity 91106K, committed 98304K, reserved 1132544K
  class space    used 11500K, capacity 12600K, committed 14336K, reserved 1048576K
Event: 14.238 GC heap after
Heap after GC invocations=30 (full 4):
 PSYoungGen      total 637952K, used 16962K [0x00000000d5580000, 0x00000000ff980000, 0x0000000100000000)
  eden space 582656K, 0% used [0x00000000d5580000,0x00000000d5580000,0x00000000f8e80000)
  from space 55296K, 30% used [0x00000000fc380000,0x00000000fd4109b8,0x00000000ff980000)
  to   space 54272K, 0% used [0x00000000f8e80000,0x00000000f8e80000,0x00000000fc380000)
 ParOldGen       total 485888K, used 249407K [0x0000000080000000, 0x000000009da80000, 0x00000000d5580000)
  object space 485888K, 51% used [0x0000000080000000,0x000000008f38fc20,0x000000009da80000)
 Metaspace       used 86314K, capacity 91106K, committed 98304K, reserved 1132544K
  class space    used 11500K, capacity 12600K, committed 14336K, reserved 1048576K
}
Event: 14.512 GC heap before
{Heap before GC invocations=31 (full 4):
 PSYoungGen      total 637952K, used 599618K [0x00000000d5580000, 0x00000000ff980000, 0x0000000100000000)
  eden space 582656K, 100% used [0x00000000d5580000,0x00000000f8e80000,0x00000000f8e80000)
  from space 55296K, 30% used [0x00000000fc380000,0x00000000fd4109b8,0x00000000ff980000)
  to   space 54272K, 0% used [0x00000000f8e80000,0x00000000f8e80000,0x00000000fc380000)
 ParOldGen       total 485888K, used 250010K [0x0000000080000000, 0x000000009da80000, 0x00000000d5580000)
  object space 485888K, 51% used [0x0000000080000000,0x000000008f426990,0x000000009da80000)
 Metaspace       used 86327K, capacity 91170K, committed 98304K, reserved 1132544K
  class space    used 11501K, capacity 12600K, committed 14336K, reserved 1048576K
Event: 14.524 GC heap after
Heap after GC invocations=31 (full 4):
 PSYoungGen      total 636928K, used 14009K [0x00000000d5580000, 0x00000000ffc00000, 0x0000000100000000)
  eden space 582656K, 0% used [0x00000000d5580000,0x00000000d5580000,0x00000000f8e80000)
  from space 54272K, 25% used [0x00000000f8e80000,0x00000000f9c2e7e0,0x00000000fc380000)
  to   space 52736K, 0% used [0x00000000fc880000,0x00000000fc880000,0x00000000ffc00000)
 ParOldGen       total 485888K, used 254004K [0x0000000080000000, 0x000000009da80000, 0x00000000d5580000)
  object space 485888K, 52% used [0x0000000080000000,0x000000008f80d280,0x000000009da80000)
 Metaspace       used 86327K, capacity 91170K, committed 98304K, reserved 1132544K
  class space    used 11501K, capacity 12600K, committed 14336K, reserved 1048576K
}
Event: 14.762 GC heap before
{Heap before GC invocations=32 (full 4):
 PSYoungGen      total 636928K, used 596665K [0x00000000d5580000, 0x00000000ffc00000, 0x0000000100000000)
  eden space 582656K, 100% used [0x00000000d5580000,0x00000000f8e80000,0x00000000f8e80000)
  from space 54272K, 25% used [0x00000000f8e80000,0x00000000f9c2e7e0,0x00000000fc380000)
  to   space 52736K, 0% used [0x00000000fc880000,0x00000000fc880000,0x00000000ffc00000)
 ParOldGen       total 485888K, used 254007K [0x0000000080000000, 0x000000009da80000, 0x00000000d5580000)
  object space 485888K, 52% used [0x0000000080000000,0x000000008f80dcd0,0x000000009da80000)
 Metaspace       used 86346K, capacity 91170K, committed 98304K, reserved 1132544K
  class space    used 11501K, capacity 12600K, committed 14336K, reserved 1048576K
Event: 14.773 GC heap after
Heap after GC invocations=32 (full 4):
 PSYoungGen      total 643072K, used 11796K [0x00000000d5580000, 0x00000000ffc80000, 0x0000000100000000)
  eden space 590336K, 0% used [0x00000000d5580000,0x00000000d5580000,0x00000000f9600000)
  from space 52736K, 22% used [0x00000000fc880000,0x00000000fd4053b0,0x00000000ffc00000)
  to   space 51712K, 0% used [0x00000000f9600000,0x00000000f9600000,0x00000000fc880000)
 ParOldGen       total 485888K, used 257434K [0x0000000080000000, 0x000000009da80000, 0x00000000d5580000)
  object space 485888K, 52% used [0x0000000080000000,0x000000008fb66a20,0x000000009da80000)
 Metaspace       used 86346K, capacity 91170K, committed 98304K, reserved 1132544K
  class space    used 11501K, capacity 12600K, committed 14336K, reserved 1048576K
}
Event: 15.061 GC heap before
{Heap before GC invocations=33 (full 4):
 PSYoungGen      total 643072K, used 602132K [0x00000000d5580000, 0x00000000ffc80000, 0x0000000100000000)
  eden space 590336K, 100% used [0x00000000d5580000,0x00000000f9600000,0x00000000f9600000)
  from space 52736K, 22% used [0x00000000fc880000,0x00000000fd4053b0,0x00000000ffc00000)
  to   space 51712K, 0% used [0x00000000f9600000,0x00000000f9600000,0x00000000fc880000)
 ParOldGen       total 485888K, used 257869K [0x0000000080000000, 0x000000009da80000, 0x00000000d5580000)
  object space 485888K, 53% used [0x0000000080000000,0x000000008fbd35f8,0x000000009da80000)
 Metaspace       used 86354K, capacity 91170K, committed 98304K, reserved 1132544K
  class space    used 11502K, capacity 12600K, committed 14336K, reserved 1048576K
Event: 15.074 GC heap after
Heap after GC invocations=33 (full 4):
 PSYoungGen      total 642048K, used 13934K [0x00000000d5580000, 0x00000000ffb00000, 0x0000000100000000)
  eden space 590336K, 0% used [0x00000000d5580000,0x00000000d5580000,0x00000000f9600000)
  from space 51712K, 26% used [0x00000000f9600000,0x00000000fa39bb38,0x00000000fc880000)
  to   space 49664K, 0% used [0x00000000fca80000,0x00000000fca80000,0x00000000ffb00000)
 ParOldGen       total 485888K, used 260397K [0x0000000080000000, 0x000000009da80000, 0x00000000d5580000)
  object space 485888K, 53% used [0x0000000080000000,0x000000008fe4b6d0,0x000000009da80000)
 Metaspace       used 86354K, capacity 91170K, committed 98304K, reserved 1132544K
  class space    used 11502K, capacity 12600K, committed 14336K, reserved 1048576K
}
Event: 15.317 GC heap before
{Heap before GC invocations=34 (full 4):
 PSYoungGen      total 642048K, used 604270K [0x00000000d5580000, 0x00000000ffb00000, 0x0000000100000000)
  eden space 590336K, 100% used [0x00000000d5580000,0x00000000f9600000,0x00000000f9600000)
  from space 51712K, 26% used [0x00000000f9600000,0x00000000fa39bb38,0x00000000fc880000)
  to   space 49664K, 0% used [0x00000000fca80000,0x00000000fca80000,0x00000000ffb00000)
 ParOldGen       total 485888K, used 260398K [0x0000000080000000, 0x000000009da80000, 0x00000000d5580000)
  object space 485888K, 53% used [0x0000000080000000,0x000000008fe4bba8,0x000000009da80000)
 Metaspace       used 86368K, capacity 91170K, committed 98304K, reserved 1132544K
  class space    used 11502K, capacity 12600K, committed 14336K, reserved 1048576K
Event: 15.330 GC heap after
Heap after GC invocations=34 (full 4):
 PSYoungGen      total 645120K, used 16256K [0x00000000d5580000, 0x00000000ffa00000, 0x0000000100000000)
  eden space 596480K, 0% used [0x00000000d5580000,0x00000000d5580000,0x00000000f9c00000)
  from space 48640K, 33% used [0x00000000fca80000,0x00000000fda60260,0x00000000ffa00000)
  to   space 47616K, 0% used [0x00000000f9c00000,0x00000000f9c00000,0x00000000fca80000)
 ParOldGen       total 485888K, used 264987K [0x0000000080000000, 0x000000009da80000, 0x00000000d5580000)
  object space 485888K, 54% used [0x0000000080000000,0x00000000902c6ed8,0x000000009da80000)
 Metaspace       used 86368K, capacity 91170K, committed 98304K, reserved 1132544K
  class space    used 11502K, capacity 12600K, committed 14336K, reserved 1048576K
}

