# JRE version: OpenJDK Runtime Environment (8.0_242-b01) (build 1.8.0_242-release-1644-b01)
# Java VM: OpenJDK 64-Bit Server VM (25.242-b01 mixed mode windows-amd64 compressed oops)
Heap:
 PSYoungGen      total 633856K, used 337266K [0x00000000d5580000, 0x00000000ffa80000, 0x0000000100000000)
  eden space 576000K, 55% used [0x00000000d5580000,0x00000000e8c48640,0x00000000f8800000)
  from space 57856K, 32% used [0x00000000f8800000,0x00000000f9a94320,0x00000000fc080000)
  to   space 55296K, 0% used [0x00000000fc480000,0x00000000fc480000,0x00000000ffa80000)
 ParOldGen       total 448512K, used 251558K [0x0000000080000000, 0x000000009b600000, 0x00000000d5580000)
  object space 448512K, 56% used [0x0000000080000000,0x000000008f5a9818,0x000000009b600000)
 Metaspace       used 87720K, capacity 92726K, committed 99328K, reserved 1134592K
  class space    used 11687K, capacity 12771K, committed 14336K, reserved 1048576K
GC Heap History (10 events):
Event: 12.480 GC heap before
{Heap before GC invocations=29 (full 4):
 PSYoungGen      total 625664K, used 581835K [0x00000000d5580000, 0x00000000ff980000, 0x0000000100000000)
  eden space 562176K, 100% used [0x00000000d5580000,0x00000000f7a80000,0x00000000f7a80000)
  from space 63488K, 30% used [0x00000000fbb80000,0x00000000fceb2e00,0x00000000ff980000)
  to   space 65024K, 0% used [0x00000000f7a80000,0x00000000f7a80000,0x00000000fba00000)
 ParOldGen       total 448512K, used 220867K [0x0000000080000000, 0x000000009b600000, 0x00000000d5580000)
  object space 448512K, 49% used [0x0000000080000000,0x000000008d7b0eb0,0x000000009b600000)
 Metaspace       used 87435K, capacity 92394K, committed 98816K, reserved 1134592K
  class space    used 11686K, capacity 12771K, committed 14336K, reserved 1048576K
Event: 12.494 GC heap after
Heap after GC invocations=29 (full 4):
 PSYoungGen      total 627200K, used 18512K [0x00000000d5580000, 0x00000000ffd80000, 0x0000000100000000)
  eden space 562176K, 0% used [0x00000000d5580000,0x00000000d5580000,0x00000000f7a80000)
  from space 65024K, 28% used [0x00000000f7a80000,0x00000000f8c94138,0x00000000fba00000)
  to   space 62976K, 0% used [0x00000000fc000000,0x00000000fc000000,0x00000000ffd80000)
 ParOldGen       total 448512K, used 231909K [0x0000000080000000, 0x000000009b600000, 0x00000000d5580000)
  object space 448512K, 51% used [0x0000000080000000,0x000000008e279550,0x000000009b600000)
 Metaspace       used 87435K, capacity 92394K, committed 98816K, reserved 1134592K
  class space    used 11686K, capacity 12771K, committed 14336K, reserved 1048576K
}
Event: 12.827 GC heap before
{Heap before GC invocations=30 (full 4):
 PSYoungGen      total 627200K, used 580688K [0x00000000d5580000, 0x00000000ffd80000, 0x0000000100000000)
  eden space 562176K, 100% used [0x00000000d5580000,0x00000000f7a80000,0x00000000f7a80000)
  from space 65024K, 28% used [0x00000000f7a80000,0x00000000f8c94138,0x00000000fba00000)
  to   space 62976K, 0% used [0x00000000fc000000,0x00000000fc000000,0x00000000ffd80000)
 ParOldGen       total 448512K, used 231911K [0x0000000080000000, 0x000000009b600000, 0x00000000d5580000)
  object space 448512K, 51% used [0x0000000080000000,0x000000008e279d50,0x000000009b600000)
 Metaspace       used 87549K, capacity 92594K, committed 99072K, reserved 1134592K
  class space    used 11687K, capacity 12771K, committed 14336K, reserved 1048576K
Event: 12.845 GC heap after
Heap after GC invocations=30 (full 4):
 PSYoungGen      total 633344K, used 9842K [0x00000000d5580000, 0x00000000ffd00000, 0x0000000100000000)
  eden space 570880K, 0% used [0x00000000d5580000,0x00000000d5580000,0x00000000f8300000)
  from space 62464K, 15% used [0x00000000fc000000,0x00000000fc99cb18,0x00000000ffd00000)
  to   space 62464K, 0% used [0x00000000f8300000,0x00000000f8300000,0x00000000fc000000)
 ParOldGen       total 448512K, used 237902K [0x0000000080000000, 0x000000009b600000, 0x00000000d5580000)
  object space 448512K, 53% used [0x0000000080000000,0x000000008e853968,0x000000009b600000)
 Metaspace       used 87549K, capacity 92594K, committed 99072K, reserved 1134592K
  class space    used 11687K, capacity 12771K, committed 14336K, reserved 1048576K
}
Event: 13.122 GC heap before
{Heap before GC invocations=31 (full 4):
 PSYoungGen      total 633344K, used 580722K [0x00000000d5580000, 0x00000000ffd00000, 0x0000000100000000)
  eden space 570880K, 100% used [0x00000000d5580000,0x00000000f8300000,0x00000000f8300000)
  from space 62464K, 15% used [0x00000000fc000000,0x00000000fc99cb18,0x00000000ffd00000)
  to   space 62464K, 0% used [0x00000000f8300000,0x00000000f8300000,0x00000000fc000000)
 ParOldGen       total 448512K, used 238411K [0x0000000080000000, 0x000000009b600000, 0x00000000d5580000)
  object space 448512K, 53% used [0x0000000080000000,0x000000008e8d2d58,0x000000009b600000)
 Metaspace       used 87566K, capacity 92594K, committed 99072K, reserved 1134592K
  class space    used 11687K, capacity 12771K, committed 14336K, reserved 1048576K
Event: 13.135 GC heap after
Heap after GC invocations=31 (full 4):
 PSYoungGen      total 633344K, used 16069K [0x00000000d5580000, 0x00000000ffb00000, 0x0000000100000000)
  eden space 570880K, 0% used [0x00000000d5580000,0x00000000d5580000,0x00000000f8300000)
  from space 62464K, 25% used [0x00000000f8300000,0x00000000f92b1518,0x00000000fc000000)
  to   space 59904K, 0% used [0x00000000fc080000,0x00000000fc080000,0x00000000ffb00000)
 ParOldGen       total 448512K, used 241751K [0x0000000080000000, 0x000000009b600000, 0x00000000d5580000)
  object space 448512K, 53% used [0x0000000080000000,0x000000008ec15e88,0x000000009b600000)
 Metaspace       used 87566K, capacity 92594K, committed 99072K, reserved 1134592K
  class space    used 11687K, capacity 12771K, committed 14336K, reserved 1048576K
}
Event: 13.429 GC heap before
{Heap before GC invocations=32 (full 4):
 PSYoungGen      total 633344K, used 586949K [0x00000000d5580000, 0x00000000ffb00000, 0x0000000100000000)
  eden space 570880K, 100% used [0x00000000d5580000,0x00000000f8300000,0x00000000f8300000)
  from space 62464K, 25% used [0x00000000f8300000,0x00000000f92b1518,0x00000000fc000000)
  to   space 59904K, 0% used [0x00000000fc080000,0x00000000fc080000,0x00000000ffb00000)
 ParOldGen       total 448512K, used 241753K [0x0000000080000000, 0x000000009b600000, 0x00000000d5580000)
  object space 448512K, 53% used [0x0000000080000000,0x000000008ec16478,0x000000009b600000)
 Metaspace       used 87701K, capacity 92726K, committed 99328K, reserved 1134592K
  class space    used 11687K, capacity 12771K, committed 14336K, reserved 1048576K
Event: 13.440 GC heap after
Heap after GC invocations=32 (full 4):
 PSYoungGen      total 634368K, used 16885K [0x00000000d5580000, 0x00000000ff980000, 0x0000000100000000)
  eden space 576000K, 0% used [0x00000000d5580000,0x00000000d5580000,0x00000000f8800000)
  from space 58368K, 28% used [0x00000000fc080000,0x00000000fd0fd4c8,0x00000000ff980000)
  to   space 57856K, 0% used [0x00000000f8800000,0x00000000f8800000,0x00000000fc080000)
 ParOldGen       total 448512K, used 248456K [0x0000000080000000, 0x000000009b600000, 0x00000000d5580000)
  object space 448512K, 55% used [0x0000000080000000,0x000000008f2a20e8,0x000000009b600000)
 Metaspace       used 87701K, capacity 92726K, committed 99328K, reserved 1134592K
  class space    used 11687K, capacity 12771K, committed 14336K, reserved 1048576K
}
Event: 13.716 GC heap before
{Heap before GC invocations=33 (full 4):
 PSYoungGen      total 634368K, used 592885K [0x00000000d5580000, 0x00000000ff980000, 0x0000000100000000)
  eden space 576000K, 100% used [0x00000000d5580000,0x00000000f8800000,0x00000000f8800000)
  from space 58368K, 28% used [0x00000000fc080000,0x00000000fd0fd4c8,0x00000000ff980000)
  to   space 57856K, 0% used [0x00000000f8800000,0x00000000f8800000,0x00000000fc080000)
 ParOldGen       total 448512K, used 248459K [0x0000000080000000, 0x000000009b600000, 0x00000000d5580000)
  object space 448512K, 55% used [0x0000000080000000,0x000000008f2a2f70,0x000000009b600000)
 Metaspace       used 87705K, capacity 92726K, committed 99328K, reserved 1134592K
  class space    used 11687K, capacity 12771K, committed 14336K, reserved 1048576K
Event: 13.734 GC heap after
Heap after GC invocations=33 (full 4):
 PSYoungGen      total 633856K, used 19024K [0x00000000d5580000, 0x00000000ffa80000, 0x0000000100000000)
  eden space 576000K, 0% used [0x00000000d5580000,0x00000000d5580000,0x00000000f8800000)
  from space 57856K, 32% used [0x00000000f8800000,0x00000000f9a94320,0x00000000fc080000)
  to   space 55296K, 0% used [0x00000000fc480000,0x00000000fc480000,0x00000000ffa80000)
 ParOldGen       total 448512K, used 251558K [0x0000000080000000, 0x000000009b600000, 0x00000000d5580000)
  object space 448512K, 56% used [0x0000000080000000,0x000000008f5a9818,0x000000009b600000)
 Metaspace       used 87705K, capacity 92726K, committed 99328K, reserved 1134592K
  class space    used 11687K, capacity 12771K, committed 14336K, reserved 1048576K
}

