# JRE version: OpenJDK Runtime Environment (8.0_242-b01) (build 1.8.0_242-release-1644-b01)
# Java VM: OpenJDK 64-Bit Server VM (25.242-b01 mixed mode windows-amd64 compressed oops)
Heap:
 PSYoungGen      total 633856K, used 347772K [0x00000000d5580000, 0x00000000ffc00000, 0x0000000100000000)
  eden space 577024K, 55% used [0x00000000d5580000,0x00000000e8f273d0,0x00000000f8900000)
  from space 56832K, 46% used [0x00000000fc000000,0x00000000fd9f7e20,0x00000000ff780000)
  to   space 56320K, 0% used [0x00000000f8900000,0x00000000f8900000,0x00000000fc000000)
 ParOldGen       total 617472K, used 461580K [0x0000000080000000, 0x00000000a5b00000, 0x00000000d5580000)
  object space 617472K, 74% used [0x0000000080000000,0x000000009c2c32f8,0x00000000a5b00000)
 Metaspace       used 128764K, capacity 136684K, committed 141952K, reserved 1173504K
  class space    used 15890K, capacity 17428K, committed 18816K, reserved 1048576K
GC Heap History (10 events):
Event: 29948.152 GC heap before
{Heap before GC invocations=77 (full 7):
 PSYoungGen      total 612864K, used 553201K [0x00000000d5580000, 0x00000000ff700000, 0x0000000100000000)
  eden space 540160K, 100% used [0x00000000d5580000,0x00000000f6500000,0x00000000f6500000)
  from space 72704K, 17% used [0x00000000f6500000,0x00000000f71bc7f0,0x00000000fac00000)
  to   space 69120K, 0% used [0x00000000fb380000,0x00000000fb380000,0x00000000ff700000)
 ParOldGen       total 617472K, used 444721K [0x0000000080000000, 0x00000000a5b00000, 0x00000000d5580000)
  object space 617472K, 72% used [0x0000000080000000,0x000000009b24c5b8,0x00000000a5b00000)
 Metaspace       used 128725K, capacity 136552K, committed 141696K, reserved 1171456K
  class space    used 15889K, capacity 17428K, committed 18816K, reserved 1048576K
Event: 29948.163 GC heap after
Heap after GC invocations=77 (full 7):
 PSYoungGen      total 623104K, used 13750K [0x00000000d5580000, 0x00000000ff680000, 0x0000000100000000)
  eden space 554496K, 0% used [0x00000000d5580000,0x00000000d5580000,0x00000000f7300000)
  from space 68608K, 20% used [0x00000000fb380000,0x00000000fc0eda38,0x00000000ff680000)
  to   space 66048K, 0% used [0x00000000f7300000,0x00000000f7300000,0x00000000fb380000)
 ParOldGen       total 617472K, used 447920K [0x0000000080000000, 0x00000000a5b00000, 0x00000000d5580000)
  object space 617472K, 72% used [0x0000000080000000,0x000000009b56c1d8,0x00000000a5b00000)
 Metaspace       used 128725K, capacity 136552K, committed 141696K, reserved 1171456K
  class space    used 15889K, capacity 17428K, committed 18816K, reserved 1048576K
}
Event: 29948.345 GC heap before
{Heap before GC invocations=78 (full 7):
 PSYoungGen      total 623104K, used 568246K [0x00000000d5580000, 0x00000000ff680000, 0x0000000100000000)
  eden space 554496K, 100% used [0x00000000d5580000,0x00000000f7300000,0x00000000f7300000)
  from space 68608K, 20% used [0x00000000fb380000,0x00000000fc0eda38,0x00000000ff680000)
  to   space 66048K, 0% used [0x00000000f7300000,0x00000000f7300000,0x00000000fb380000)
 ParOldGen       total 617472K, used 448372K [0x0000000080000000, 0x00000000a5b00000, 0x00000000d5580000)
  object space 617472K, 72% used [0x0000000080000000,0x000000009b5dd0c0,0x00000000a5b00000)
 Metaspace       used 128741K, capacity 136616K, committed 141952K, reserved 1173504K
  class space    used 15889K, capacity 17428K, committed 18816K, reserved 1048576K
Event: 29948.356 GC heap after
Heap after GC invocations=78 (full 7):
 PSYoungGen      total 620544K, used 10392K [0x00000000d5580000, 0x00000000ff780000, 0x0000000100000000)
  eden space 554496K, 0% used [0x00000000d5580000,0x00000000d5580000,0x00000000f7300000)
  from space 66048K, 15% used [0x00000000f7300000,0x00000000f7d26060,0x00000000fb380000)
  to   space 62976K, 0% used [0x00000000fba00000,0x00000000fba00000,0x00000000ff780000)
 ParOldGen       total 617472K, used 453935K [0x0000000080000000, 0x00000000a5b00000, 0x00000000d5580000)
  object space 617472K, 73% used [0x0000000080000000,0x000000009bb4bd10,0x00000000a5b00000)
 Metaspace       used 128741K, capacity 136616K, committed 141952K, reserved 1173504K
  class space    used 15889K, capacity 17428K, committed 18816K, reserved 1048576K
}
Event: 29948.565 GC heap before
{Heap before GC invocations=79 (full 7):
 PSYoungGen      total 620544K, used 564888K [0x00000000d5580000, 0x00000000ff780000, 0x0000000100000000)
  eden space 554496K, 100% used [0x00000000d5580000,0x00000000f7300000,0x00000000f7300000)
  from space 66048K, 15% used [0x00000000f7300000,0x00000000f7d26060,0x00000000fb380000)
  to   space 62976K, 0% used [0x00000000fba00000,0x00000000fba00000,0x00000000ff780000)
 ParOldGen       total 617472K, used 454193K [0x0000000080000000, 0x00000000a5b00000, 0x00000000d5580000)
  object space 617472K, 73% used [0x0000000080000000,0x000000009bb8c450,0x00000000a5b00000)
 Metaspace       used 128749K, capacity 136616K, committed 141952K, reserved 1173504K
  class space    used 15889K, capacity 17428K, committed 18816K, reserved 1048576K
Event: 29948.575 GC heap after
Heap after GC invocations=79 (full 7):
 PSYoungGen      total 629760K, used 12352K [0x00000000d5580000, 0x00000000ff700000, 0x0000000100000000)
  eden space 567296K, 0% used [0x00000000d5580000,0x00000000d5580000,0x00000000f7f80000)
  from space 62464K, 19% used [0x00000000fba00000,0x00000000fc610188,0x00000000ff700000)
  to   space 59904K, 0% used [0x00000000f7f80000,0x00000000f7f80000,0x00000000fba00000)
 ParOldGen       total 617472K, used 457930K [0x0000000080000000, 0x00000000a5b00000, 0x00000000d5580000)
  object space 617472K, 74% used [0x0000000080000000,0x000000009bf32b38,0x00000000a5b00000)
 Metaspace       used 128749K, capacity 136616K, committed 141952K, reserved 1173504K
  class space    used 15889K, capacity 17428K, committed 18816K, reserved 1048576K
}
Event: 29948.775 GC heap before
{Heap before GC invocations=80 (full 7):
 PSYoungGen      total 629760K, used 579603K [0x00000000d5580000, 0x00000000ff700000, 0x0000000100000000)
  eden space 567296K, 99% used [0x00000000d5580000,0x00000000f7f74ce0,0x00000000f7f80000)
  from space 62464K, 19% used [0x00000000fba00000,0x00000000fc610188,0x00000000ff700000)
  to   space 59904K, 0% used [0x00000000f7f80000,0x00000000f7f80000,0x00000000fba00000)
 ParOldGen       total 617472K, used 457930K [0x0000000080000000, 0x00000000a5b00000, 0x00000000d5580000)
  object space 617472K, 74% used [0x0000000080000000,0x000000009bf32b38,0x00000000a5b00000)
 Metaspace       used 128754K, capacity 136616K, committed 141952K, reserved 1173504K
  class space    used 15889K, capacity 17428K, committed 18816K, reserved 1048576K
Event: 29948.783 GC heap after
Heap after GC invocations=80 (full 7):
 PSYoungGen      total 627200K, used 13233K [0x00000000d5580000, 0x00000000ff780000, 0x0000000100000000)
  eden space 567296K, 0% used [0x00000000d5580000,0x00000000d5580000,0x00000000f7f80000)
  from space 59904K, 22% used [0x00000000f7f80000,0x00000000f8c6c7a8,0x00000000fba00000)
  to   space 56832K, 0% used [0x00000000fc000000,0x00000000fc000000,0x00000000ff780000)
 ParOldGen       total 617472K, used 459836K [0x0000000080000000, 0x00000000a5b00000, 0x00000000d5580000)
  object space 617472K, 74% used [0x0000000080000000,0x000000009c10f038,0x00000000a5b00000)
 Metaspace       used 128754K, capacity 136616K, committed 141952K, reserved 1173504K
  class space    used 15889K, capacity 17428K, committed 18816K, reserved 1048576K
}
Event: 29949.068 GC heap before
{Heap before GC invocations=81 (full 7):
 PSYoungGen      total 627200K, used 580529K [0x00000000d5580000, 0x00000000ff780000, 0x0000000100000000)
  eden space 567296K, 100% used [0x00000000d5580000,0x00000000f7f80000,0x00000000f7f80000)
  from space 59904K, 22% used [0x00000000f7f80000,0x00000000f8c6c7a8,0x00000000fba00000)
  to   space 56832K, 0% used [0x00000000fc000000,0x00000000fc000000,0x00000000ff780000)
 ParOldGen       total 617472K, used 459931K [0x0000000080000000, 0x00000000a5b00000, 0x00000000d5580000)
  object space 617472K, 74% used [0x0000000080000000,0x000000009c126ea8,0x00000000a5b00000)
 Metaspace       used 128764K, capacity 136684K, committed 141952K, reserved 1173504K
  class space    used 15890K, capacity 17428K, committed 18816K, reserved 1048576K
Event: 29949.083 GC heap after
Heap after GC invocations=81 (full 7):
 PSYoungGen      total 633856K, used 26591K [0x00000000d5580000, 0x00000000ffc00000, 0x0000000100000000)
  eden space 577024K, 0% used [0x00000000d5580000,0x00000000d5580000,0x00000000f8900000)
  from space 56832K, 46% used [0x00000000fc000000,0x00000000fd9f7e20,0x00000000ff780000)
  to   space 56320K, 0% used [0x00000000f8900000,0x00000000f8900000,0x00000000fc000000)
 ParOldGen       total 617472K, used 461580K [0x0000000080000000, 0x00000000a5b00000, 0x00000000d5580000)
  object space 617472K, 74% used [0x0000000080000000,0x000000009c2c32f8,0x00000000a5b00000)
 Metaspace       used 128764K, capacity 136684K, committed 141952K, reserved 1173504K
  class space    used 15890K, capacity 17428K, committed 18816K, reserved 1048576K
}

