# JRE version: OpenJDK Runtime Environment (8.0_242-b01) (build 1.8.0_242-release-1644-b01)
# Java VM: OpenJDK 64-Bit Server VM (25.242-b01 mixed mode windows-amd64 compressed oops)
Heap:
 PSYoungGen      total 485888K, used 393989K [0x00000000d5580000, 0x00000000fcd80000, 0x0000000100000000)
  eden space 409600K, 77% used [0x00000000d5580000,0x00000000e8bc8c90,0x00000000ee580000)
  from space 76288K, 99% used [0x00000000ee580000,0x00000000f2ff8a90,0x00000000f3000000)
  to   space 110592K, 0% used [0x00000000f6180000,0x00000000f6180000,0x00000000fcd80000)
 ParOldGen       total 239104K, used 159587K [0x0000000080000000, 0x000000008e980000, 0x00000000d5580000)
  object space 239104K, 66% used [0x0000000080000000,0x0000000089bd8d20,0x000000008e980000)
 Metaspace       used 100837K, capacity 105084K, committed 106880K, reserved 1142784K
  class space    used 12826K, capacity 13740K, committed 14208K, reserved 1048576K
GC Heap History (10 events):
Event: 3604.408 GC heap before
{Heap before GC invocations=15 (full 3):
 PSYoungGen      total 387584K, used 286065K [0x00000000d5580000, 0x00000000f4100000, 0x0000000100000000)
  eden space 332800K, 75% used [0x00000000d5580000,0x00000000e4c381c0,0x00000000e9a80000)
  from space 54784K, 61% used [0x00000000e9a80000,0x00000000ebb24470,0x00000000ed000000)
  to   space 55808K, 0% used [0x00000000f0a80000,0x00000000f0a80000,0x00000000f4100000)
 ParOldGen       total 239104K, used 126863K [0x0000000080000000, 0x000000008e980000, 0x00000000d5580000)
  object space 239104K, 53% used [0x0000000080000000,0x0000000087be3ec0,0x000000008e980000)
 Metaspace       used 85941K, capacity 91152K, committed 91520K, reserved 1128448K
  class space    used 11483K, capacity 12584K, committed 12672K, reserved 1048576K
Event: 3604.427 GC heap after
Heap after GC invocations=15 (full 3):
 PSYoungGen      total 442880K, used 44571K [0x00000000d5580000, 0x00000000f4a00000, 0x0000000100000000)
  eden space 387072K, 0% used [0x00000000d5580000,0x00000000d5580000,0x00000000ecf80000)
  from space 55808K, 79% used [0x00000000f0a80000,0x00000000f3606fe0,0x00000000f4100000)
  to   space 60416K, 0% used [0x00000000ecf80000,0x00000000ecf80000,0x00000000f0a80000)
 ParOldGen       total 239104K, used 126871K [0x0000000080000000, 0x000000008e980000, 0x00000000d5580000)
  object space 239104K, 53% used [0x0000000080000000,0x0000000087be5ec0,0x000000008e980000)
 Metaspace       used 85941K, capacity 91152K, committed 91520K, reserved 1128448K
  class space    used 11483K, capacity 12584K, committed 12672K, reserved 1048576K
}
Event: 3604.427 GC heap before
{Heap before GC invocations=16 (full 4):
 PSYoungGen      total 442880K, used 44571K [0x00000000d5580000, 0x00000000f4a00000, 0x0000000100000000)
  eden space 387072K, 0% used [0x00000000d5580000,0x00000000d5580000,0x00000000ecf80000)
  from space 55808K, 79% used [0x00000000f0a80000,0x00000000f3606fe0,0x00000000f4100000)
  to   space 60416K, 0% used [0x00000000ecf80000,0x00000000ecf80000,0x00000000f0a80000)
 ParOldGen       total 239104K, used 126871K [0x0000000080000000, 0x000000008e980000, 0x00000000d5580000)
  object space 239104K, 53% used [0x0000000080000000,0x0000000087be5ec0,0x000000008e980000)
 Metaspace       used 85941K, capacity 91152K, committed 91520K, reserved 1128448K
  class space    used 11483K, capacity 12584K, committed 12672K, reserved 1048576K
Event: 3604.551 GC heap after
Heap after GC invocations=16 (full 4):
 PSYoungGen      total 442880K, used 0K [0x00000000d5580000, 0x00000000f4a00000, 0x0000000100000000)
  eden space 387072K, 0% used [0x00000000d5580000,0x00000000d5580000,0x00000000ecf80000)
  from space 55808K, 0% used [0x00000000f0a80000,0x00000000f0a80000,0x00000000f4100000)
  to   space 60416K, 0% used [0x00000000ecf80000,0x00000000ecf80000,0x00000000f0a80000)
 ParOldGen       total 239104K, used 80505K [0x0000000080000000, 0x000000008e980000, 0x00000000d5580000)
  object space 239104K, 33% used [0x0000000080000000,0x0000000084e9e720,0x000000008e980000)
 Metaspace       used 84196K, capacity 87472K, committed 91520K, reserved 1128448K
  class space    used 11050K, capacity 11771K, committed 12672K, reserved 1048576K
}
Event: 4147.415 GC heap before
{Heap before GC invocations=17 (full 4):
 PSYoungGen      total 442880K, used 387072K [0x00000000d5580000, 0x00000000f4a00000, 0x0000000100000000)
  eden space 387072K, 100% used [0x00000000d5580000,0x00000000ecf80000,0x00000000ecf80000)
  from space 55808K, 0% used [0x00000000f0a80000,0x00000000f0a80000,0x00000000f4100000)
  to   space 60416K, 0% used [0x00000000ecf80000,0x00000000ecf80000,0x00000000f0a80000)
 ParOldGen       total 239104K, used 80505K [0x0000000080000000, 0x000000008e980000, 0x00000000d5580000)
  object space 239104K, 33% used [0x0000000080000000,0x0000000084e9e720,0x000000008e980000)
 Metaspace       used 85081K, capacity 88988K, committed 91776K, reserved 1128448K
  class space    used 11209K, capacity 12081K, committed 12672K, reserved 1048576K
Event: 4147.427 GC heap after
Heap after GC invocations=17 (full 4):
 PSYoungGen      total 447488K, used 33398K [0x00000000d5580000, 0x00000000f7a80000, 0x0000000100000000)
  eden space 387072K, 0% used [0x00000000d5580000,0x00000000d5580000,0x00000000ecf80000)
  from space 60416K, 55% used [0x00000000ecf80000,0x00000000ef01dad8,0x00000000f0a80000)
  to   space 59904K, 0% used [0x00000000f4000000,0x00000000f4000000,0x00000000f7a80000)
 ParOldGen       total 239104K, used 80513K [0x0000000080000000, 0x000000008e980000, 0x00000000d5580000)
  object space 239104K, 33% used [0x0000000080000000,0x0000000084ea0720,0x000000008e980000)
 Metaspace       used 85081K, capacity 88988K, committed 91776K, reserved 1128448K
  class space    used 11209K, capacity 12081K, committed 12672K, reserved 1048576K
}
Event: 4158.105 GC heap before
{Heap before GC invocations=18 (full 4):
 PSYoungGen      total 447488K, used 420470K [0x00000000d5580000, 0x00000000f7a80000, 0x0000000100000000)
  eden space 387072K, 100% used [0x00000000d5580000,0x00000000ecf80000,0x00000000ecf80000)
  from space 60416K, 55% used [0x00000000ecf80000,0x00000000ef01dad8,0x00000000f0a80000)
  to   space 59904K, 0% used [0x00000000f4000000,0x00000000f4000000,0x00000000f7a80000)
 ParOldGen       total 239104K, used 80513K [0x0000000080000000, 0x000000008e980000, 0x00000000d5580000)
  object space 239104K, 33% used [0x0000000080000000,0x0000000084ea0720,0x000000008e980000)
 Metaspace       used 86419K, capacity 90702K, committed 92544K, reserved 1128448K
  class space    used 11327K, capacity 12251K, committed 12672K, reserved 1048576K
Event: 4158.127 GC heap after
Heap after GC invocations=18 (full 4):
 PSYoungGen      total 434176K, used 59876K [0x00000000d5580000, 0x00000000f7a80000, 0x0000000100000000)
  eden space 374272K, 0% used [0x00000000d5580000,0x00000000d5580000,0x00000000ec300000)
  from space 59904K, 99% used [0x00000000f4000000,0x00000000f7a79280,0x00000000f7a80000)
  to   space 76288K, 0% used [0x00000000ee580000,0x00000000ee580000,0x00000000f3000000)
 ParOldGen       total 239104K, used 99776K [0x0000000080000000, 0x000000008e980000, 0x00000000d5580000)
  object space 239104K, 41% used [0x0000000080000000,0x0000000086170328,0x000000008e980000)
 Metaspace       used 86419K, capacity 90702K, committed 92544K, reserved 1128448K
  class space    used 11327K, capacity 12251K, committed 12672K, reserved 1048576K
}
Event: 4160.484 GC heap before
{Heap before GC invocations=19 (full 4):
 PSYoungGen      total 434176K, used 434148K [0x00000000d5580000, 0x00000000f7a80000, 0x0000000100000000)
  eden space 374272K, 100% used [0x00000000d5580000,0x00000000ec300000,0x00000000ec300000)
  from space 59904K, 99% used [0x00000000f4000000,0x00000000f7a79280,0x00000000f7a80000)
  to   space 76288K, 0% used [0x00000000ee580000,0x00000000ee580000,0x00000000f3000000)
 ParOldGen       total 239104K, used 99776K [0x0000000080000000, 0x000000008e980000, 0x00000000d5580000)
  object space 239104K, 41% used [0x0000000080000000,0x0000000086170328,0x000000008e980000)
 Metaspace       used 98837K, capacity 103088K, committed 104960K, reserved 1140736K
  class space    used 12692K, capacity 13610K, committed 14080K, reserved 1048576K
Event: 4160.520 GC heap after
Heap after GC invocations=19 (full 4):
 PSYoungGen      total 485888K, used 76258K [0x00000000d5580000, 0x00000000fcd80000, 0x0000000100000000)
  eden space 409600K, 0% used [0x00000000d5580000,0x00000000d5580000,0x00000000ee580000)
  from space 76288K, 99% used [0x00000000ee580000,0x00000000f2ff8a90,0x00000000f3000000)
  to   space 110592K, 0% used [0x00000000f6180000,0x00000000f6180000,0x00000000fcd80000)
 ParOldGen       total 239104K, used 159587K [0x0000000080000000, 0x000000008e980000, 0x00000000d5580000)
  object space 239104K, 66% used [0x0000000080000000,0x0000000089bd8d20,0x000000008e980000)
 Metaspace       used 98837K, capacity 103088K, committed 104960K, reserved 1140736K
  class space    used 12692K, capacity 13610K, committed 14080K, reserved 1048576K
}

