# JRE version: OpenJDK Runtime Environment (8.0_242-b01) (build 1.8.0_242-release-1644-b01)
# Java VM: OpenJDK 64-Bit Server VM (25.242-b01 mixed mode windows-amd64 compressed oops)
Heap:
 PSYoungGen      total 641536K, used 641531K [0x00000000d5580000, 0x0000000100000000, 0x0000000100000000)
  eden space 589824K, 100% used [0x00000000d5580000,0x00000000f9580000,0x00000000f9580000)
  from space 51712K, 99% used [0x00000000f9580000,0x00000000fc7fecd0,0x00000000fc800000)
  to   space 57344K, 99% used [0x00000000fc800000,0x00000000ffff9b98,0x0000000100000000)
 ParOldGen       total 553984K, used 553347K [0x0000000080000000, 0x00000000a1d00000, 0x00000000d5580000)
  object space 553984K, 99% used [0x0000000080000000,0x00000000a1c60f10,0x00000000a1d00000)
 Metaspace       used 87726K, capacity 92750K, committed 99288K, reserved 1134592K
  class space    used 11675K, capacity 12749K, committed 14296K, reserved 1048576K
GC Heap History (10 events):
Event: 16.333 GC heap after
Heap after GC invocations=43 (full 4):
 PSYoungGen      total 658432K, used 21702K [0x00000000d5580000, 0x0000000100000000, 0x0000000100000000)
  eden space 617984K, 0% used [0x00000000d5580000,0x00000000d5580000,0x00000000fb100000)
  from space 40448K, 53% used [0x00000000fb100000,0x00000000fc631808,0x00000000fd880000)
  to   space 39424K, 0% used [0x00000000fd980000,0x00000000fd980000,0x0000000100000000)
 ParOldGen       total 484352K, used 328612K [0x0000000080000000, 0x000000009d900000, 0x00000000d5580000)
  object space 484352K, 67% used [0x0000000080000000,0x00000000940e91a0,0x000000009d900000)
 Metaspace       used 86560K, capacity 91382K, committed 98264K, reserved 1132544K
  class space    used 11519K, capacity 12591K, committed 14296K, reserved 1048576K
}
Event: 16.527 GC heap before
{Heap before GC invocations=44 (full 4):
 PSYoungGen      total 658432K, used 639686K [0x00000000d5580000, 0x0000000100000000, 0x0000000100000000)
  eden space 617984K, 100% used [0x00000000d5580000,0x00000000fb100000,0x00000000fb100000)
  from space 40448K, 53% used [0x00000000fb100000,0x00000000fc631808,0x00000000fd880000)
  to   space 39424K, 0% used [0x00000000fd980000,0x00000000fd980000,0x0000000100000000)
 ParOldGen       total 484352K, used 328614K [0x0000000080000000, 0x000000009d900000, 0x00000000d5580000)
  object space 484352K, 67% used [0x0000000080000000,0x00000000940e9b30,0x000000009d900000)
 Metaspace       used 86562K, capacity 91382K, committed 98264K, reserved 1132544K
  class space    used 11519K, capacity 12591K, committed 14296K, reserved 1048576K
Event: 16.549 GC heap after
Heap after GC invocations=44 (full 4):
 PSYoungGen      total 627712K, used 39415K [0x00000000d5580000, 0x0000000100000000, 0x0000000100000000)
  eden space 588288K, 0% used [0x00000000d5580000,0x00000000d5580000,0x00000000f9400000)
  from space 39424K, 99% used [0x00000000fd980000,0x00000000ffffded0,0x0000000100000000)
  to   space 55296K, 0% used [0x00000000f9400000,0x00000000f9400000,0x00000000fca00000)
 ParOldGen       total 484352K, used 356631K [0x0000000080000000, 0x000000009d900000, 0x00000000d5580000)
  object space 484352K, 73% used [0x0000000080000000,0x0000000095c45ff8,0x000000009d900000)
 Metaspace       used 86562K, capacity 91382K, committed 98264K, reserved 1132544K
  class space    used 11519K, capacity 12591K, committed 14296K, reserved 1048576K
}
Event: 16.688 GC heap before
{Heap before GC invocations=45 (full 4):
 PSYoungGen      total 627712K, used 627703K [0x00000000d5580000, 0x0000000100000000, 0x0000000100000000)
  eden space 588288K, 100% used [0x00000000d5580000,0x00000000f9400000,0x00000000f9400000)
  from space 39424K, 99% used [0x00000000fd980000,0x00000000ffffded0,0x0000000100000000)
  to   space 55296K, 0% used [0x00000000f9400000,0x00000000f9400000,0x00000000fca00000)
 ParOldGen       total 484352K, used 356631K [0x0000000080000000, 0x000000009d900000, 0x00000000d5580000)
  object space 484352K, 73% used [0x0000000080000000,0x0000000095c45ff8,0x000000009d900000)
 Metaspace       used 86562K, capacity 91382K, committed 98264K, reserved 1132544K
  class space    used 11519K, capacity 12591K, committed 14296K, reserved 1048576K
Event: 16.703 GC heap after
Heap after GC invocations=45 (full 4):
 PSYoungGen      total 643584K, used 13958K [0x00000000d5580000, 0x0000000100000000, 0x0000000100000000)
  eden space 588288K, 0% used [0x00000000d5580000,0x00000000d5580000,0x00000000f9400000)
  from space 55296K, 25% used [0x00000000f9400000,0x00000000fa1a1bb8,0x00000000fca00000)
  to   space 53760K, 0% used [0x00000000fcb80000,0x00000000fcb80000,0x0000000100000000)
 ParOldGen       total 484352K, used 393386K [0x0000000080000000, 0x000000009d900000, 0x00000000d5580000)
  object space 484352K, 81% used [0x0000000080000000,0x000000009802a928,0x000000009d900000)
 Metaspace       used 86562K, capacity 91382K, committed 98264K, reserved 1132544K
  class space    used 11519K, capacity 12591K, committed 14296K, reserved 1048576K
}
Event: 16.868 GC heap before
{Heap before GC invocations=46 (full 4):
 PSYoungGen      total 643584K, used 602246K [0x00000000d5580000, 0x0000000100000000, 0x0000000100000000)
  eden space 588288K, 100% used [0x00000000d5580000,0x00000000f9400000,0x00000000f9400000)
  from space 55296K, 25% used [0x00000000f9400000,0x00000000fa1a1bb8,0x00000000fca00000)
  to   space 53760K, 0% used [0x00000000fcb80000,0x00000000fcb80000,0x0000000100000000)
 ParOldGen       total 484352K, used 393868K [0x0000000080000000, 0x000000009d900000, 0x00000000d5580000)
  object space 484352K, 81% used [0x0000000080000000,0x00000000980a3028,0x000000009d900000)
 Metaspace       used 86562K, capacity 91382K, committed 98264K, reserved 1132544K
  class space    used 11519K, capacity 12591K, committed 14296K, reserved 1048576K
Event: 16.881 GC heap after
Heap after GC invocations=46 (full 4):
 PSYoungGen      total 637952K, used 17649K [0x00000000d5580000, 0x00000000ffa80000, 0x0000000100000000)
  eden space 589824K, 0% used [0x00000000d5580000,0x00000000d5580000,0x00000000f9580000)
  from space 48128K, 36% used [0x00000000fcb80000,0x00000000fdcbc518,0x00000000ffa80000)
  to   space 51712K, 0% used [0x00000000f9580000,0x00000000f9580000,0x00000000fc800000)
 ParOldGen       total 484352K, used 404777K [0x0000000080000000, 0x000000009d900000, 0x00000000d5580000)
  object space 484352K, 83% used [0x0000000080000000,0x0000000098b4a768,0x000000009d900000)
 Metaspace       used 86562K, capacity 91382K, committed 98264K, reserved 1132544K
  class space    used 11519K, capacity 12591K, committed 14296K, reserved 1048576K
}
Event: 18.204 GC heap before
{Heap before GC invocations=47 (full 4):
 PSYoungGen      total 637952K, used 607473K [0x00000000d5580000, 0x00000000ffa80000, 0x0000000100000000)
  eden space 589824K, 100% used [0x00000000d5580000,0x00000000f9580000,0x00000000f9580000)
  from space 48128K, 36% used [0x00000000fcb80000,0x00000000fdcbc518,0x00000000ffa80000)
  to   space 51712K, 0% used [0x00000000f9580000,0x00000000f9580000,0x00000000fc800000)
 ParOldGen       total 484352K, used 404998K [0x0000000080000000, 0x000000009d900000, 0x00000000d5580000)
  object space 484352K, 83% used [0x0000000080000000,0x0000000098b81a70,0x000000009d900000)
 Metaspace       used 87146K, capacity 91984K, committed 98776K, reserved 1134592K
  class space    used 11607K, capacity 12670K, committed 14296K, reserved 1048576K
Event: 18.222 GC heap after
Heap after GC invocations=47 (full 4):
 PSYoungGen      total 641536K, used 51707K [0x00000000d5580000, 0x0000000100000000, 0x0000000100000000)
  eden space 589824K, 0% used [0x00000000d5580000,0x00000000d5580000,0x00000000f9580000)
  from space 51712K, 99% used [0x00000000f9580000,0x00000000fc7fecd0,0x00000000fc800000)
  to   space 57344K, 0% used [0x00000000fc800000,0x00000000fc800000,0x0000000100000000)
 ParOldGen       total 484352K, used 420812K [0x0000000080000000, 0x000000009d900000, 0x00000000d5580000)
  object space 484352K, 86% used [0x0000000080000000,0x0000000099af31d0,0x000000009d900000)
 Metaspace       used 87146K, capacity 91984K, committed 98776K, reserved 1134592K
  class space    used 11607K, capacity 12670K, committed 14296K, reserved 1048576K
}
Event: 19.288 GC heap before
{Heap before GC invocations=48 (full 4):
 PSYoungGen      total 641536K, used 641531K [0x00000000d5580000, 0x0000000100000000, 0x0000000100000000)
  eden space 589824K, 100% used [0x00000000d5580000,0x00000000f9580000,0x00000000f9580000)
  from space 51712K, 99% used [0x00000000f9580000,0x00000000fc7fecd0,0x00000000fc800000)
  to   space 57344K, 0% used [0x00000000fc800000,0x00000000fc800000,0x0000000100000000)
 ParOldGen       total 484352K, used 420812K [0x0000000080000000, 0x000000009d900000, 0x00000000d5580000)
  object space 484352K, 86% used [0x0000000080000000,0x0000000099af31d0,0x000000009d900000)
 Metaspace       used 87726K, capacity 92750K, committed 99288K, reserved 1134592K
  class space    used 11675K, capacity 12749K, committed 14296K, reserved 1048576K

