# JRE version: OpenJDK Runtime Environment (8.0_242-b01) (build 1.8.0_242-release-1644-b01)
# Java VM: OpenJDK 64-Bit Server VM (25.242-b01 mixed mode windows-amd64 compressed oops)
Heap:
 PSYoungGen      total 648192K, used 265878K [0x00000000d5580000, 0x00000000ffc00000, 0x0000000100000000)
  eden space 601088K, 40% used [0x00000000d5580000,0x00000000e41b95f0,0x00000000fa080000)
  from space 47104K, 51% used [0x00000000fce00000,0x00000000fe5e5250,0x00000000ffc00000)
  to   space 46592K, 0% used [0x00000000fa080000,0x00000000fa080000,0x00000000fce00000)
 ParOldGen       total 465920K, used 257877K [0x0000000080000000, 0x000000009c700000, 0x00000000d5580000)
  object space 465920K, 55% used [0x0000000080000000,0x000000008fbd56f0,0x000000009c700000)
 Metaspace       used 87774K, capacity 92764K, committed 99264K, reserved 1134592K
  class space    used 11686K, capacity 12769K, committed 14336K, reserved 1048576K
GC Heap History (10 events):
Event: 13.582 GC heap before
{Heap before GC invocations=32 (full 4):
 PSYoungGen      total 641536K, used 602085K [0x00000000d5580000, 0x00000000ffd00000, 0x0000000100000000)
  eden space 586240K, 100% used [0x00000000d5580000,0x00000000f9200000,0x00000000f9200000)
  from space 55296K, 28% used [0x00000000f9200000,0x00000000fa179678,0x00000000fc800000)
  to   space 53760K, 0% used [0x00000000fc880000,0x00000000fc880000,0x00000000ffd00000)
 ParOldGen       total 465920K, used 240811K [0x0000000080000000, 0x000000009c700000, 0x00000000d5580000)
  object space 465920K, 51% used [0x0000000080000000,0x000000008eb2ad08,0x000000009c700000)
 Metaspace       used 87735K, capacity 92764K, committed 99264K, reserved 1134592K
  class space    used 11686K, capacity 12769K, committed 14336K, reserved 1048576K
Event: 13.592 GC heap after
Heap after GC invocations=32 (full 4):
 PSYoungGen      total 642048K, used 15853K [0x00000000d5580000, 0x00000000ffb80000, 0x0000000100000000)
  eden space 589824K, 0% used [0x00000000d5580000,0x00000000d5580000,0x00000000f9580000)
  from space 52224K, 30% used [0x00000000fc880000,0x00000000fd7fb490,0x00000000ffb80000)
  to   space 52224K, 0% used [0x00000000f9580000,0x00000000f9580000,0x00000000fc880000)
 ParOldGen       total 465920K, used 245182K [0x0000000080000000, 0x000000009c700000, 0x00000000d5580000)
  object space 465920K, 52% used [0x0000000080000000,0x000000008ef6f9f0,0x000000009c700000)
 Metaspace       used 87735K, capacity 92764K, committed 99264K, reserved 1134592K
  class space    used 11686K, capacity 12769K, committed 14336K, reserved 1048576K
}
Event: 13.791 GC heap before
{Heap before GC invocations=33 (full 4):
 PSYoungGen      total 642048K, used 605677K [0x00000000d5580000, 0x00000000ffb80000, 0x0000000100000000)
  eden space 589824K, 100% used [0x00000000d5580000,0x00000000f9580000,0x00000000f9580000)
  from space 52224K, 30% used [0x00000000fc880000,0x00000000fd7fb490,0x00000000ffb80000)
  to   space 52224K, 0% used [0x00000000f9580000,0x00000000f9580000,0x00000000fc880000)
 ParOldGen       total 465920K, used 245182K [0x0000000080000000, 0x000000009c700000, 0x00000000d5580000)
  object space 465920K, 52% used [0x0000000080000000,0x000000008ef6f9f0,0x000000009c700000)
 Metaspace       used 87752K, capacity 92764K, committed 99264K, reserved 1134592K
  class space    used 11686K, capacity 12769K, committed 14336K, reserved 1048576K
Event: 13.801 GC heap after
Heap after GC invocations=33 (full 4):
 PSYoungGen      total 642048K, used 16109K [0x00000000d5580000, 0x00000000ffc00000, 0x0000000100000000)
  eden space 589824K, 0% used [0x00000000d5580000,0x00000000d5580000,0x00000000f9580000)
  from space 52224K, 30% used [0x00000000f9580000,0x00000000fa53b498,0x00000000fc880000)
  to   space 50176K, 0% used [0x00000000fcb00000,0x00000000fcb00000,0x00000000ffc00000)
 ParOldGen       total 465920K, used 248275K [0x0000000080000000, 0x000000009c700000, 0x00000000d5580000)
  object space 465920K, 53% used [0x0000000080000000,0x000000008f274d10,0x000000009c700000)
 Metaspace       used 87752K, capacity 92764K, committed 99264K, reserved 1134592K
  class space    used 11686K, capacity 12769K, committed 14336K, reserved 1048576K
}
Event: 14.045 GC heap before
{Heap before GC invocations=34 (full 4):
 PSYoungGen      total 642048K, used 605933K [0x00000000d5580000, 0x00000000ffc00000, 0x0000000100000000)
  eden space 589824K, 100% used [0x00000000d5580000,0x00000000f9580000,0x00000000f9580000)
  from space 52224K, 30% used [0x00000000f9580000,0x00000000fa53b498,0x00000000fc880000)
  to   space 50176K, 0% used [0x00000000fcb00000,0x00000000fcb00000,0x00000000ffc00000)
 ParOldGen       total 465920K, used 248275K [0x0000000080000000, 0x000000009c700000, 0x00000000d5580000)
  object space 465920K, 53% used [0x0000000080000000,0x000000008f274d10,0x000000009c700000)
 Metaspace       used 87759K, capacity 92764K, committed 99264K, reserved 1134592K
  class space    used 11686K, capacity 12769K, committed 14336K, reserved 1048576K
Event: 14.055 GC heap after
Heap after GC invocations=34 (full 4):
 PSYoungGen      total 645632K, used 14310K [0x00000000d5580000, 0x00000000ffc00000, 0x0000000100000000)
  eden space 595456K, 0% used [0x00000000d5580000,0x00000000d5580000,0x00000000f9b00000)
  from space 50176K, 28% used [0x00000000fcb00000,0x00000000fd8f9b00,0x00000000ffc00000)
  to   space 49152K, 0% used [0x00000000f9b00000,0x00000000f9b00000,0x00000000fcb00000)
 ParOldGen       total 465920K, used 251912K [0x0000000080000000, 0x000000009c700000, 0x00000000d5580000)
  object space 465920K, 54% used [0x0000000080000000,0x000000008f6022e8,0x000000009c700000)
 Metaspace       used 87759K, capacity 92764K, committed 99264K, reserved 1134592K
  class space    used 11686K, capacity 12769K, committed 14336K, reserved 1048576K
}
Event: 14.315 GC heap before
{Heap before GC invocations=35 (full 4):
 PSYoungGen      total 645632K, used 609766K [0x00000000d5580000, 0x00000000ffc00000, 0x0000000100000000)
  eden space 595456K, 100% used [0x00000000d5580000,0x00000000f9b00000,0x00000000f9b00000)
  from space 50176K, 28% used [0x00000000fcb00000,0x00000000fd8f9b00,0x00000000ffc00000)
  to   space 49152K, 0% used [0x00000000f9b00000,0x00000000f9b00000,0x00000000fcb00000)
 ParOldGen       total 465920K, used 251912K [0x0000000080000000, 0x000000009c700000, 0x00000000d5580000)
  object space 465920K, 54% used [0x0000000080000000,0x000000008f6022e8,0x000000009c700000)
 Metaspace       used 87770K, capacity 92764K, committed 99264K, reserved 1134592K
  class space    used 11686K, capacity 12769K, committed 14336K, reserved 1048576K
Event: 14.325 GC heap after
Heap after GC invocations=35 (full 4):
 PSYoungGen      total 644608K, used 10814K [0x00000000d5580000, 0x00000000ffd00000, 0x0000000100000000)
  eden space 595456K, 0% used [0x00000000d5580000,0x00000000d5580000,0x00000000f9b00000)
  from space 49152K, 22% used [0x00000000f9b00000,0x00000000fa58fb30,0x00000000fcb00000)
  to   space 48128K, 0% used [0x00000000fce00000,0x00000000fce00000,0x00000000ffd00000)
 ParOldGen       total 465920K, used 255914K [0x0000000080000000, 0x000000009c700000, 0x00000000d5580000)
  object space 465920K, 54% used [0x0000000080000000,0x000000008f9eabc8,0x000000009c700000)
 Metaspace       used 87770K, capacity 92764K, committed 99264K, reserved 1134592K
  class space    used 11686K, capacity 12769K, committed 14336K, reserved 1048576K
}
Event: 14.625 GC heap before
{Heap before GC invocations=36 (full 4):
 PSYoungGen      total 644608K, used 606270K [0x00000000d5580000, 0x00000000ffd00000, 0x0000000100000000)
  eden space 595456K, 100% used [0x00000000d5580000,0x00000000f9b00000,0x00000000f9b00000)
  from space 49152K, 22% used [0x00000000f9b00000,0x00000000fa58fb30,0x00000000fcb00000)
  to   space 48128K, 0% used [0x00000000fce00000,0x00000000fce00000,0x00000000ffd00000)
 ParOldGen       total 465920K, used 255914K [0x0000000080000000, 0x000000009c700000, 0x00000000d5580000)
  object space 465920K, 54% used [0x0000000080000000,0x000000008f9eabc8,0x000000009c700000)
 Metaspace       used 87774K, capacity 92764K, committed 99264K, reserved 1134592K
  class space    used 11686K, capacity 12769K, committed 14336K, reserved 1048576K
Event: 14.638 GC heap after
Heap after GC invocations=36 (full 4):
 PSYoungGen      total 648192K, used 24468K [0x00000000d5580000, 0x00000000ffc00000, 0x0000000100000000)
  eden space 601088K, 0% used [0x00000000d5580000,0x00000000d5580000,0x00000000fa080000)
  from space 47104K, 51% used [0x00000000fce00000,0x00000000fe5e5250,0x00000000ffc00000)
  to   space 46592K, 0% used [0x00000000fa080000,0x00000000fa080000,0x00000000fce00000)
 ParOldGen       total 465920K, used 257877K [0x0000000080000000, 0x000000009c700000, 0x00000000d5580000)
  object space 465920K, 55% used [0x0000000080000000,0x000000008fbd56f0,0x000000009c700000)
 Metaspace       used 87774K, capacity 92764K, committed 99264K, reserved 1134592K
  class space    used 11686K, capacity 12769K, committed 14336K, reserved 1048576K
}

