# JRE version: OpenJDK Runtime Environment (8.0_242-b01) (build 1.8.0_242-release-1644-b01)
# Java VM: OpenJDK 64-Bit Server VM (25.242-b01 mixed mode windows-amd64 compressed oops)
Heap:
 PSYoungGen      total 543744K, used 323793K [0x00000000d5580000, 0x00000000fee80000, 0x0000000100000000)
  eden space 404480K, 64% used [0x00000000d5580000,0x00000000e53150c0,0x00000000ee080000)
  from space 139264K, 46% used [0x00000000f6680000,0x00000000fa51f370,0x00000000fee80000)
  to   space 137216K, 0% used [0x00000000ee080000,0x00000000ee080000,0x00000000f6680000)
 ParOldGen       total 585728K, used 174269K [0x0000000080000000, 0x00000000a3c00000, 0x00000000d5580000)
  object space 585728K, 29% used [0x0000000080000000,0x000000008aa2f6b0,0x00000000a3c00000)
 Metaspace       used 120789K, capacity 127248K, committed 127704K, reserved 1161216K
  class space    used 15185K, capacity 16537K, committed 16640K, reserved 1048576K
GC Heap History (10 events):
Event: 6530.899 GC heap before
{Heap before GC invocations=34 (full 6):
 PSYoungGen      total 506368K, used 441501K [0x00000000d5580000, 0x0000000100000000, 0x0000000100000000)
  eden space 341504K, 100% used [0x00000000d5580000,0x00000000ea300000,0x00000000ea300000)
  from space 164864K, 60% used [0x00000000ea300000,0x00000000f04a75f8,0x00000000f4400000)
  to   space 169984K, 0% used [0x00000000f5a00000,0x00000000f5a00000,0x0000000100000000)
 ParOldGen       total 585728K, used 174245K [0x0000000080000000, 0x00000000a3c00000, 0x00000000d5580000)
  object space 585728K, 29% used [0x0000000080000000,0x000000008aa296b0,0x00000000a3c00000)
 Metaspace       used 118769K, capacity 125024K, committed 125912K, reserved 1159168K
  class space    used 15059K, capacity 16389K, committed 16640K, reserved 1048576K
Event: 6530.916 GC heap after
Heap after GC invocations=34 (full 6):
 PSYoungGen      total 523776K, used 43130K [0x00000000d5580000, 0x00000000ff600000, 0x0000000100000000)
  eden space 364032K, 0% used [0x00000000d5580000,0x00000000d5580000,0x00000000eb900000)
  from space 159744K, 26% used [0x00000000f5a00000,0x00000000f841ea00,0x00000000ff600000)
  to   space 162304K, 0% used [0x00000000eb900000,0x00000000eb900000,0x00000000f5780000)
 ParOldGen       total 585728K, used 174253K [0x0000000080000000, 0x00000000a3c00000, 0x00000000d5580000)
  object space 585728K, 29% used [0x0000000080000000,0x000000008aa2b6b0,0x00000000a3c00000)
 Metaspace       used 118769K, capacity 125024K, committed 125912K, reserved 1159168K
  class space    used 15059K, capacity 16389K, committed 16640K, reserved 1048576K
}
Event: 6532.077 GC heap before
{Heap before GC invocations=35 (full 6):
 PSYoungGen      total 523776K, used 407162K [0x00000000d5580000, 0x00000000ff600000, 0x0000000100000000)
  eden space 364032K, 100% used [0x00000000d5580000,0x00000000eb900000,0x00000000eb900000)
  from space 159744K, 26% used [0x00000000f5a00000,0x00000000f841ea00,0x00000000ff600000)
  to   space 162304K, 0% used [0x00000000eb900000,0x00000000eb900000,0x00000000f5780000)
 ParOldGen       total 585728K, used 174253K [0x0000000080000000, 0x00000000a3c00000, 0x00000000d5580000)
  object space 585728K, 29% used [0x0000000080000000,0x000000008aa2b6b0,0x00000000a3c00000)
 Metaspace       used 118930K, capacity 125202K, committed 126168K, reserved 1159168K
  class space    used 15089K, capacity 16414K, committed 16640K, reserved 1048576K
Event: 6532.091 GC heap after
Heap after GC invocations=35 (full 6):
 PSYoungGen      total 526336K, used 43932K [0x00000000d5580000, 0x00000000ff480000, 0x0000000100000000)
  eden space 364032K, 0% used [0x00000000d5580000,0x00000000d5580000,0x00000000eb900000)
  from space 162304K, 27% used [0x00000000eb900000,0x00000000ee3e7098,0x00000000f5780000)
  to   space 155136K, 0% used [0x00000000f5d00000,0x00000000f5d00000,0x00000000ff480000)
 ParOldGen       total 585728K, used 174261K [0x0000000080000000, 0x00000000a3c00000, 0x00000000d5580000)
  object space 585728K, 29% used [0x0000000080000000,0x000000008aa2d6b0,0x00000000a3c00000)
 Metaspace       used 118930K, capacity 125202K, committed 126168K, reserved 1159168K
  class space    used 15089K, capacity 16414K, committed 16640K, reserved 1048576K
}
Event: 6533.648 GC heap before
{Heap before GC invocations=36 (full 6):
 PSYoungGen      total 526336K, used 407964K [0x00000000d5580000, 0x00000000ff480000, 0x0000000100000000)
  eden space 364032K, 100% used [0x00000000d5580000,0x00000000eb900000,0x00000000eb900000)
  from space 162304K, 27% used [0x00000000eb900000,0x00000000ee3e7098,0x00000000f5780000)
  to   space 155136K, 0% used [0x00000000f5d00000,0x00000000f5d00000,0x00000000ff480000)
 ParOldGen       total 585728K, used 174261K [0x0000000080000000, 0x00000000a3c00000, 0x00000000d5580000)
  object space 585728K, 29% used [0x0000000080000000,0x000000008aa2d6b0,0x00000000a3c00000)
 Metaspace       used 118950K, capacity 125202K, committed 126168K, reserved 1159168K
  class space    used 15089K, capacity 16414K, committed 16640K, reserved 1048576K
Event: 6533.659 GC heap after
Heap after GC invocations=36 (full 6):
 PSYoungGen      total 530944K, used 30387K [0x00000000d5580000, 0x00000000fef00000, 0x0000000100000000)
  eden space 381440K, 0% used [0x00000000d5580000,0x00000000d5580000,0x00000000eca00000)
  from space 149504K, 20% used [0x00000000f5d00000,0x00000000f7aacdd8,0x00000000fef00000)
  to   space 150016K, 0% used [0x00000000eca00000,0x00000000eca00000,0x00000000f5c80000)
 ParOldGen       total 585728K, used 174261K [0x0000000080000000, 0x00000000a3c00000, 0x00000000d5580000)
  object space 585728K, 29% used [0x0000000080000000,0x000000008aa2d6b0,0x00000000a3c00000)
 Metaspace       used 118950K, capacity 125202K, committed 126168K, reserved 1159168K
  class space    used 15089K, capacity 16414K, committed 16640K, reserved 1048576K
}
Event: 6534.280 GC heap before
{Heap before GC invocations=37 (full 6):
 PSYoungGen      total 530944K, used 411827K [0x00000000d5580000, 0x00000000fef00000, 0x0000000100000000)
  eden space 381440K, 100% used [0x00000000d5580000,0x00000000eca00000,0x00000000eca00000)
  from space 149504K, 20% used [0x00000000f5d00000,0x00000000f7aacdd8,0x00000000fef00000)
  to   space 150016K, 0% used [0x00000000eca00000,0x00000000eca00000,0x00000000f5c80000)
 ParOldGen       total 585728K, used 174261K [0x0000000080000000, 0x00000000a3c00000, 0x00000000d5580000)
  object space 585728K, 29% used [0x0000000080000000,0x000000008aa2d6b0,0x00000000a3c00000)
 Metaspace       used 120247K, capacity 126612K, committed 127192K, reserved 1159168K
  class space    used 15154K, capacity 16517K, committed 16640K, reserved 1048576K
Event: 6534.294 GC heap after
Heap after GC invocations=37 (full 6):
 PSYoungGen      total 531456K, used 45195K [0x00000000d5580000, 0x00000000ff180000, 0x0000000100000000)
  eden space 381440K, 0% used [0x00000000d5580000,0x00000000d5580000,0x00000000eca00000)
  from space 150016K, 30% used [0x00000000eca00000,0x00000000ef622c20,0x00000000f5c80000)
  to   space 142336K, 0% used [0x00000000f6680000,0x00000000f6680000,0x00000000ff180000)
 ParOldGen       total 585728K, used 174269K [0x0000000080000000, 0x00000000a3c00000, 0x00000000d5580000)
  object space 585728K, 29% used [0x0000000080000000,0x000000008aa2f6b0,0x00000000a3c00000)
 Metaspace       used 120247K, capacity 126612K, committed 127192K, reserved 1159168K
  class space    used 15154K, capacity 16517K, committed 16640K, reserved 1048576K
}
Event: 6534.495 GC heap before
{Heap before GC invocations=38 (full 6):
 PSYoungGen      total 531456K, used 426635K [0x00000000d5580000, 0x00000000ff180000, 0x0000000100000000)
  eden space 381440K, 100% used [0x00000000d5580000,0x00000000eca00000,0x00000000eca00000)
  from space 150016K, 30% used [0x00000000eca00000,0x00000000ef622c20,0x00000000f5c80000)
  to   space 142336K, 0% used [0x00000000f6680000,0x00000000f6680000,0x00000000ff180000)
 ParOldGen       total 585728K, used 174269K [0x0000000080000000, 0x00000000a3c00000, 0x00000000d5580000)
  object space 585728K, 29% used [0x0000000080000000,0x000000008aa2f6b0,0x00000000a3c00000)
 Metaspace       used 120627K, capacity 126968K, committed 127448K, reserved 1161216K
  class space    used 15173K, capacity 16521K, committed 16640K, reserved 1048576K
Event: 6534.513 GC heap after
Heap after GC invocations=38 (full 6):
 PSYoungGen      total 543744K, used 64124K [0x00000000d5580000, 0x00000000fee80000, 0x0000000100000000)
  eden space 404480K, 0% used [0x00000000d5580000,0x00000000d5580000,0x00000000ee080000)
  from space 139264K, 46% used [0x00000000f6680000,0x00000000fa51f370,0x00000000fee80000)
  to   space 137216K, 0% used [0x00000000ee080000,0x00000000ee080000,0x00000000f6680000)
 ParOldGen       total 585728K, used 174269K [0x0000000080000000, 0x00000000a3c00000, 0x00000000d5580000)
  object space 585728K, 29% used [0x0000000080000000,0x000000008aa2f6b0,0x00000000a3c00000)
 Metaspace       used 120627K, capacity 126968K, committed 127448K, reserved 1161216K
  class space    used 15173K, capacity 16521K, committed 16640K, reserved 1048576K
}

