# JRE version: OpenJDK Runtime Environment (8.0_242-b01) (build 1.8.0_242-release-1644-b01)
# Java VM: OpenJDK 64-Bit Server VM (25.242-b01 mixed mode windows-amd64 compressed oops)
Heap:
 PSYoungGen      total 640000K, used 611370K [0x00000000d5580000, 0x0000000100000000, 0x0000000100000000)
  eden space 586752K, 100% used [0x00000000d5580000,0x00000000f9280000,0x00000000f9280000)
  from space 53248K, 46% used [0x00000000f9280000,0x00000000faa8a8e0,0x00000000fc680000)
  to   space 52224K, 68% used [0x00000000fcd00000,0x00000000ff02cd70,0x0000000100000000)
 ParOldGen       total 562688K, used 411422K [0x0000000080000000, 0x00000000a2580000, 0x00000000d5580000)
  object space 562688K, 73% used [0x0000000080000000,0x00000000991d4bb8,0x00000000a2580000)
 Metaspace       used 105487K, capacity 112784K, committed 112896K, reserved 1146880K
  class space    used 13987K, capacity 15583K, committed 15616K, reserved 1048576K
GC Heap History (10 events):
Event: 24.616 GC heap before
{Heap before GC invocations=43 (full 4):
 PSYoungGen      total 622592K, used 582938K [0x00000000d5580000, 0x00000000ff780000, 0x0000000100000000)
  eden space 566272K, 100% used [0x00000000d5580000,0x00000000f7e80000,0x00000000f7e80000)
  from space 56320K, 29% used [0x00000000fc080000,0x00000000fd0c6b98,0x00000000ff780000)
  to   space 61952K, 0% used [0x00000000f7e80000,0x00000000f7e80000,0x00000000fbb00000)
 ParOldGen       total 562688K, used 377025K [0x0000000080000000, 0x00000000a2580000, 0x00000000d5580000)
  object space 562688K, 67% used [0x0000000080000000,0x0000000097030458,0x00000000a2580000)
 Metaspace       used 105311K, capacity 112642K, committed 112896K, reserved 1146880K
  class space    used 13970K, capacity 15582K, committed 15616K, reserved 1048576K
Event: 24.625 GC heap after
Heap after GC invocations=43 (full 4):
 PSYoungGen      total 628224K, used 12410K [0x00000000d5580000, 0x0000000100000000, 0x0000000100000000)
  eden space 566272K, 0% used [0x00000000d5580000,0x00000000d5580000,0x00000000f7e80000)
  from space 61952K, 20% used [0x00000000f7e80000,0x00000000f8a9e9c8,0x00000000fbb00000)
  to   space 59904K, 0% used [0x00000000fc580000,0x00000000fc580000,0x0000000100000000)
 ParOldGen       total 562688K, used 383907K [0x0000000080000000, 0x00000000a2580000, 0x00000000d5580000)
  object space 562688K, 68% used [0x0000000080000000,0x00000000976e8e80,0x00000000a2580000)
 Metaspace       used 105311K, capacity 112642K, committed 112896K, reserved 1146880K
  class space    used 13970K, capacity 15582K, committed 15616K, reserved 1048576K
}
Event: 24.776 GC heap before
{Heap before GC invocations=44 (full 4):
 PSYoungGen      total 628224K, used 578682K [0x00000000d5580000, 0x0000000100000000, 0x0000000100000000)
  eden space 566272K, 100% used [0x00000000d5580000,0x00000000f7e80000,0x00000000f7e80000)
  from space 61952K, 20% used [0x00000000f7e80000,0x00000000f8a9e9c8,0x00000000fbb00000)
  to   space 59904K, 0% used [0x00000000fc580000,0x00000000fc580000,0x0000000100000000)
 ParOldGen       total 562688K, used 383924K [0x0000000080000000, 0x00000000a2580000, 0x00000000d5580000)
  object space 562688K, 68% used [0x0000000080000000,0x00000000976ed118,0x00000000a2580000)
 Metaspace       used 105316K, capacity 112644K, committed 112896K, reserved 1146880K
  class space    used 13971K, capacity 15583K, committed 15616K, reserved 1048576K
Event: 24.784 GC heap after
Heap after GC invocations=44 (full 4):
 PSYoungGen      total 629760K, used 15652K [0x00000000d5580000, 0x00000000ff900000, 0x0000000100000000)
  eden space 577024K, 0% used [0x00000000d5580000,0x00000000d5580000,0x00000000f8900000)
  from space 52736K, 29% used [0x00000000fc580000,0x00000000fd4c9298,0x00000000ff900000)
  to   space 57344K, 0% used [0x00000000f8900000,0x00000000f8900000,0x00000000fc100000)
 ParOldGen       total 562688K, used 390111K [0x0000000080000000, 0x00000000a2580000, 0x00000000d5580000)
  object space 562688K, 69% used [0x0000000080000000,0x0000000097cf7c98,0x00000000a2580000)
 Metaspace       used 105316K, capacity 112644K, committed 112896K, reserved 1146880K
  class space    used 13971K, capacity 15583K, committed 15616K, reserved 1048576K
}
Event: 25.008 GC heap before
{Heap before GC invocations=45 (full 4):
 PSYoungGen      total 629760K, used 592676K [0x00000000d5580000, 0x00000000ff900000, 0x0000000100000000)
  eden space 577024K, 100% used [0x00000000d5580000,0x00000000f8900000,0x00000000f8900000)
  from space 52736K, 29% used [0x00000000fc580000,0x00000000fd4c9298,0x00000000ff900000)
  to   space 57344K, 0% used [0x00000000f8900000,0x00000000f8900000,0x00000000fc100000)
 ParOldGen       total 562688K, used 390148K [0x0000000080000000, 0x00000000a2580000, 0x00000000d5580000)
  object space 562688K, 69% used [0x0000000080000000,0x0000000097d01200,0x00000000a2580000)
 Metaspace       used 105333K, capacity 112644K, committed 112896K, reserved 1146880K
  class space    used 13973K, capacity 15583K, committed 15616K, reserved 1048576K
Event: 25.015 GC heap after
Heap after GC invocations=45 (full 4):
 PSYoungGen      total 634368K, used 13594K [0x00000000d5580000, 0x00000000fff80000, 0x0000000100000000)
  eden space 577024K, 0% used [0x00000000d5580000,0x00000000d5580000,0x00000000f8900000)
  from space 57344K, 23% used [0x00000000f8900000,0x00000000f9646b68,0x00000000fc100000)
  to   space 54784K, 0% used [0x00000000fca00000,0x00000000fca00000,0x00000000fff80000)
 ParOldGen       total 562688K, used 393682K [0x0000000080000000, 0x00000000a2580000, 0x00000000d5580000)
  object space 562688K, 69% used [0x0000000080000000,0x0000000098074ae8,0x00000000a2580000)
 Metaspace       used 105333K, capacity 112644K, committed 112896K, reserved 1146880K
  class space    used 13973K, capacity 15583K, committed 15616K, reserved 1048576K
}
Event: 25.216 GC heap before
{Heap before GC invocations=46 (full 4):
 PSYoungGen      total 634368K, used 590618K [0x00000000d5580000, 0x00000000fff80000, 0x0000000100000000)
  eden space 577024K, 100% used [0x00000000d5580000,0x00000000f8900000,0x00000000f8900000)
  from space 57344K, 23% used [0x00000000f8900000,0x00000000f9646b68,0x00000000fc100000)
  to   space 54784K, 0% used [0x00000000fca00000,0x00000000fca00000,0x00000000fff80000)
 ParOldGen       total 562688K, used 393682K [0x0000000080000000, 0x00000000a2580000, 0x00000000d5580000)
  object space 562688K, 69% used [0x0000000080000000,0x0000000098074ae8,0x00000000a2580000)
 Metaspace       used 105335K, capacity 112644K, committed 112896K, reserved 1146880K
  class space    used 13973K, capacity 15583K, committed 15616K, reserved 1048576K
Event: 25.223 GC heap after
Heap after GC invocations=46 (full 4):
 PSYoungGen      total 636416K, used 9301K [0x00000000d5580000, 0x00000000ffa80000, 0x0000000100000000)
  eden space 586752K, 0% used [0x00000000d5580000,0x00000000d5580000,0x00000000f9280000)
  from space 49664K, 18% used [0x00000000fca00000,0x00000000fd315608,0x00000000ffa80000)
  to   space 53248K, 0% used [0x00000000f9280000,0x00000000f9280000,0x00000000fc680000)
 ParOldGen       total 562688K, used 396728K [0x0000000080000000, 0x00000000a2580000, 0x00000000d5580000)
  object space 562688K, 70% used [0x0000000080000000,0x000000009836e130,0x00000000a2580000)
 Metaspace       used 105335K, capacity 112644K, committed 112896K, reserved 1146880K
  class space    used 13973K, capacity 15583K, committed 15616K, reserved 1048576K
}
Event: 25.631 GC heap before
{Heap before GC invocations=47 (full 4):
 PSYoungGen      total 636416K, used 596053K [0x00000000d5580000, 0x00000000ffa80000, 0x0000000100000000)
  eden space 586752K, 100% used [0x00000000d5580000,0x00000000f9280000,0x00000000f9280000)
  from space 49664K, 18% used [0x00000000fca00000,0x00000000fd315608,0x00000000ffa80000)
  to   space 53248K, 0% used [0x00000000f9280000,0x00000000f9280000,0x00000000fc680000)
 ParOldGen       total 562688K, used 396778K [0x0000000080000000, 0x00000000a2580000, 0x00000000d5580000)
  object space 562688K, 70% used [0x0000000080000000,0x000000009837a8e8,0x00000000a2580000)
 Metaspace       used 105440K, capacity 112776K, committed 112896K, reserved 1146880K
  class space    used 13987K, capacity 15583K, committed 15616K, reserved 1048576K
Event: 25.641 GC heap after
Heap after GC invocations=47 (full 4):
 PSYoungGen      total 640000K, used 24618K [0x00000000d5580000, 0x0000000100000000, 0x0000000100000000)
  eden space 586752K, 0% used [0x00000000d5580000,0x00000000d5580000,0x00000000f9280000)
  from space 53248K, 46% used [0x00000000f9280000,0x00000000faa8a8e0,0x00000000fc680000)
  to   space 52224K, 0% used [0x00000000fcd00000,0x00000000fcd00000,0x0000000100000000)
 ParOldGen       total 562688K, used 398950K [0x0000000080000000, 0x00000000a2580000, 0x00000000d5580000)
  object space 562688K, 70% used [0x0000000080000000,0x0000000098599bc8,0x00000000a2580000)
 Metaspace       used 105440K, capacity 112776K, committed 112896K, reserved 1146880K
  class space    used 13987K, capacity 15583K, committed 15616K, reserved 1048576K
}

